Performing C SOURCE FILE Test CMAKE_HAVE_LIBC_PTHREAD failed with the following output:
Change Dir: /home/hj102548/test_code/spmv/sdk/upmem-2024.2.0-Linux-x86_64/src/backends/build/CMakeFiles/CMakeTmp

Run Build Command(s):/usr/bin/make cmTC_32072/fast && /usr/bin/make -f CMakeFiles/cmTC_32072.dir/build.make CMakeFiles/cmTC_32072.dir/build
make[1]: Entering directory '/home/hj102548/test_code/spmv/sdk/upmem-2024.2.0-Linux-x86_64/src/backends/build/CMakeFiles/CMakeTmp'
Building C object CMakeFiles/cmTC_32072.dir/src.c.o
/usr/bin/cc   -Wall -Werror -Wextra -std=gnu11  -ffile-prefix-map=/home/hj102548/test_code/spmv/sdk/upmem-2024.2.0-Linux-x86_64/src/backends/build=backends -DCMAKE_HAVE_LIBC_PTHREAD   -o CMakeFiles/cmTC_32072.dir/src.c.o   -c /home/hj102548/test_code/spmv/sdk/upmem-2024.2.0-Linux-x86_64/src/backends/build/CMakeFiles/CMakeTmp/src.c
Linking C executable cmTC_32072
/usr/bin/cmake -E cmake_link_script CMakeFiles/cmTC_32072.dir/link.txt --verbose=1
/usr/bin/cc  -Wall -Werror -Wextra -std=gnu11  -ffile-prefix-map=/home/hj102548/test_code/spmv/sdk/upmem-2024.2.0-Linux-x86_64/src/backends/build=backends -DCMAKE_HAVE_LIBC_PTHREAD  -Wl,--enable-new-dtags  CMakeFiles/cmTC_32072.dir/src.c.o  -o cmTC_32072 
/usr/bin/ld: CMakeFiles/cmTC_32072.dir/src.c.o: in function `main':
src.c:(.text+0x46): undefined reference to `pthread_create'
/usr/bin/ld: src.c:(.text+0x52): undefined reference to `pthread_detach'
/usr/bin/ld: src.c:(.text+0x63): undefined reference to `pthread_join'
collect2: error: ld returned 1 exit status
make[1]: *** [CMakeFiles/cmTC_32072.dir/build.make:87: cmTC_32072] Error 1
make[1]: Leaving directory '/home/hj102548/test_code/spmv/sdk/upmem-2024.2.0-Linux-x86_64/src/backends/build/CMakeFiles/CMakeTmp'
make: *** [Makefile:121: cmTC_32072/fast] Error 2


Source file was:
#include <pthread.h>

void* test_func(void* data)
{
  return data;
}

int main(void)
{
  pthread_t thread;
  pthread_create(&thread, NULL, test_func, NULL);
  pthread_detach(thread);
  pthread_join(thread, NULL);
  pthread_atfork(NULL, NULL, NULL);
  pthread_exit(NULL);

  return 0;
}

Determining if the function pthread_create exists in the pthreads failed with the following output:
Change Dir: /home/hj102548/test_code/spmv/sdk/upmem-2024.2.0-Linux-x86_64/src/backends/build/CMakeFiles/CMakeTmp

Run Build Command(s):/usr/bin/make cmTC_e0938/fast && /usr/bin/make -f CMakeFiles/cmTC_e0938.dir/build.make CMakeFiles/cmTC_e0938.dir/build
make[1]: Entering directory '/home/hj102548/test_code/spmv/sdk/upmem-2024.2.0-Linux-x86_64/src/backends/build/CMakeFiles/CMakeTmp'
Building C object CMakeFiles/cmTC_e0938.dir/CheckFunctionExists.c.o
/usr/bin/cc   -Wall -Werror -Wextra -std=gnu11  -ffile-prefix-map=/home/hj102548/test_code/spmv/sdk/upmem-2024.2.0-Linux-x86_64/src/backends/build=backends -DCHECK_FUNCTION_EXISTS=pthread_create   -o CMakeFiles/cmTC_e0938.dir/CheckFunctionExists.c.o   -c /usr/share/cmake-3.16/Modules/CheckFunctionExists.c
Linking C executable cmTC_e0938
/usr/bin/cmake -E cmake_link_script CMakeFiles/cmTC_e0938.dir/link.txt --verbose=1
/usr/bin/cc  -Wall -Werror -Wextra -std=gnu11  -ffile-prefix-map=/home/hj102548/test_code/spmv/sdk/upmem-2024.2.0-Linux-x86_64/src/backends/build=backends -DCHECK_FUNCTION_EXISTS=pthread_create  -Wl,--enable-new-dtags  CMakeFiles/cmTC_e0938.dir/CheckFunctionExists.c.o  -o cmTC_e0938  -lpthreads 
/usr/bin/ld: cannot find -lpthreads
collect2: error: ld returned 1 exit status
make[1]: *** [CMakeFiles/cmTC_e0938.dir/build.make:87: cmTC_e0938] Error 1
make[1]: Leaving directory '/home/hj102548/test_code/spmv/sdk/upmem-2024.2.0-Linux-x86_64/src/backends/build/CMakeFiles/CMakeTmp'
make: *** [Makefile:121: cmTC_e0938/fast] Error 2



Performing C SOURCE FILE Test C_HAS_SSE3_1 failed with the following compile output:
Change Dir: /home/hj102548/test_code/spmv/sdk/upmem-2024.2.0-Linux-x86_64/src/backends/build/CMakeFiles/CMakeTmp

Run Build Command(s):/usr/bin/make cmTC_e8f5f/fast && /usr/bin/make -f CMakeFiles/cmTC_e8f5f.dir/build.make CMakeFiles/cmTC_e8f5f.dir/build
make[1]: Entering directory '/home/hj102548/test_code/spmv/sdk/upmem-2024.2.0-Linux-x86_64/src/backends/build/CMakeFiles/CMakeTmp'
Building C object CMakeFiles/cmTC_e8f5f.dir/src.c.o
/usr/bin/cc   -Wall -Werror -Wextra -std=gnu11  -ffile-prefix-map=/home/hj102548/test_code/spmv/sdk/upmem-2024.2.0-Linux-x86_64/src/backends/build=backends -DC_HAS_SSE3_1   -o CMakeFiles/cmTC_e8f5f.dir/src.c.o   -c /home/hj102548/test_code/spmv/sdk/upmem-2024.2.0-Linux-x86_64/src/backends/build/CMakeFiles/CMakeTmp/src.c
In file included from /home/hj102548/test_code/spmv/sdk/upmem-2024.2.0-Linux-x86_64/src/backends/build/CMakeFiles/CMakeTmp/src.c:2:
/home/hj102548/test_code/spmv/sdk/upmem-2024.2.0-Linux-x86_64/src/backends/build/CMakeFiles/CMakeTmp/src.c: In function ‘main’:
/usr/lib/gcc/x86_64-linux-gnu/9/include/pmmintrin.h:110:1: error: inlining failed in call to always_inline ‘_mm_lddqu_si128’: target specific option mismatch
  110 | _mm_lddqu_si128 (__m128i const *__P)
      | ^~~~~~~~~~~~~~~
/home/hj102548/test_code/spmv/sdk/upmem-2024.2.0-Linux-x86_64/src/backends/build/CMakeFiles/CMakeTmp/src.c:7:9: note: called from here
    7 |     a = _mm_lddqu_si128( (const __m128i*)vals );
      |         ^~~~~~~~~~~~~~~~~~~~~~~~~~~~~~~~~~~~~~~
make[1]: *** [CMakeFiles/cmTC_e8f5f.dir/build.make:66: CMakeFiles/cmTC_e8f5f.dir/src.c.o] Error 1
make[1]: Leaving directory '/home/hj102548/test_code/spmv/sdk/upmem-2024.2.0-Linux-x86_64/src/backends/build/CMakeFiles/CMakeTmp'
make: *** [Makefile:121: cmTC_e8f5f/fast] Error 2


...and run output:

Return value: 1
Source file was:

  #include <pmmintrin.h>
  int main( )
  {
    const int vals[4] = {0,0,0,0};
    __attribute__((unused)) __m128i a;
    a = _mm_lddqu_si128( (const __m128i*)vals );
    return 0;
  }
Performing C SOURCE FILE Test C_COMPILES_SSE3_1 failed with the following output:
Change Dir: /home/hj102548/test_code/spmv/sdk/upmem-2024.2.0-Linux-x86_64/src/backends/build/CMakeFiles/CMakeTmp

Run Build Command(s):/usr/bin/make cmTC_3ba82/fast && /usr/bin/make -f CMakeFiles/cmTC_3ba82.dir/build.make CMakeFiles/cmTC_3ba82.dir/build
make[1]: Entering directory '/home/hj102548/test_code/spmv/sdk/upmem-2024.2.0-Linux-x86_64/src/backends/build/CMakeFiles/CMakeTmp'
Building C object CMakeFiles/cmTC_3ba82.dir/src.c.o
/usr/bin/cc   -Wall -Werror -Wextra -std=gnu11  -ffile-prefix-map=/home/hj102548/test_code/spmv/sdk/upmem-2024.2.0-Linux-x86_64/src/backends/build=backends -DC_COMPILES_SSE3_1   -o CMakeFiles/cmTC_3ba82.dir/src.c.o   -c /home/hj102548/test_code/spmv/sdk/upmem-2024.2.0-Linux-x86_64/src/backends/build/CMakeFiles/CMakeTmp/src.c
In file included from /home/hj102548/test_code/spmv/sdk/upmem-2024.2.0-Linux-x86_64/src/backends/build/CMakeFiles/CMakeTmp/src.c:2:
/home/hj102548/test_code/spmv/sdk/upmem-2024.2.0-Linux-x86_64/src/backends/build/CMakeFiles/CMakeTmp/src.c: In function ‘main’:
/usr/lib/gcc/x86_64-linux-gnu/9/include/pmmintrin.h:110:1: error: inlining failed in call to always_inline ‘_mm_lddqu_si128’: target specific option mismatch
  110 | _mm_lddqu_si128 (__m128i const *__P)
      | ^~~~~~~~~~~~~~~
/home/hj102548/test_code/spmv/sdk/upmem-2024.2.0-Linux-x86_64/src/backends/build/CMakeFiles/CMakeTmp/src.c:7:9: note: called from here
    7 |     a = _mm_lddqu_si128( (const __m128i*)vals );
      |         ^~~~~~~~~~~~~~~~~~~~~~~~~~~~~~~~~~~~~~~
make[1]: *** [CMakeFiles/cmTC_3ba82.dir/build.make:66: CMakeFiles/cmTC_3ba82.dir/src.c.o] Error 1
make[1]: Leaving directory '/home/hj102548/test_code/spmv/sdk/upmem-2024.2.0-Linux-x86_64/src/backends/build/CMakeFiles/CMakeTmp'
make: *** [Makefile:121: cmTC_3ba82/fast] Error 2


Source file was:

  #include <pmmintrin.h>
  int main( )
  {
    const int vals[4] = {0,0,0,0};
    __attribute__((unused)) __m128i a;
    a = _mm_lddqu_si128( (const __m128i*)vals );
    return 0;
  }
Performing C SOURCE FILE Test C_HAS_SSE4_1_1 failed with the following compile output:
Change Dir: /home/hj102548/test_code/spmv/sdk/upmem-2024.2.0-Linux-x86_64/src/backends/build/CMakeFiles/CMakeTmp

Run Build Command(s):/usr/bin/make cmTC_a3d8a/fast && /usr/bin/make -f CMakeFiles/cmTC_a3d8a.dir/build.make CMakeFiles/cmTC_a3d8a.dir/build
make[1]: Entering directory '/home/hj102548/test_code/spmv/sdk/upmem-2024.2.0-Linux-x86_64/src/backends/build/CMakeFiles/CMakeTmp'
Building C object CMakeFiles/cmTC_a3d8a.dir/src.c.o
/usr/bin/cc   -Wall -Werror -Wextra -std=gnu11  -ffile-prefix-map=/home/hj102548/test_code/spmv/sdk/upmem-2024.2.0-Linux-x86_64/src/backends/build=backends -DC_HAS_SSE4_1_1   -o CMakeFiles/cmTC_a3d8a.dir/src.c.o   -c /home/hj102548/test_code/spmv/sdk/upmem-2024.2.0-Linux-x86_64/src/backends/build/CMakeFiles/CMakeTmp/src.c
In file included from /home/hj102548/test_code/spmv/sdk/upmem-2024.2.0-Linux-x86_64/src/backends/build/CMakeFiles/CMakeTmp/src.c:2:
/home/hj102548/test_code/spmv/sdk/upmem-2024.2.0-Linux-x86_64/src/backends/build/CMakeFiles/CMakeTmp/src.c: In function ‘main’:
/usr/lib/gcc/x86_64-linux-gnu/9/include/smmintrin.h:282:1: error: inlining failed in call to always_inline ‘_mm_max_epi8’: target specific option mismatch
  282 | _mm_max_epi8 (__m128i __X, __m128i __Y)
      | ^~~~~~~~~~~~
/home/hj102548/test_code/spmv/sdk/upmem-2024.2.0-Linux-x86_64/src/backends/build/CMakeFiles/CMakeTmp/src.c:7:43: note: called from here
    7 |     __attribute__((unused)) __m128i res = _mm_max_epi8(a, b);
      |                                           ^~~~~~~~~~~~~~~~~~
In file included from /home/hj102548/test_code/spmv/sdk/upmem-2024.2.0-Linux-x86_64/src/backends/build/CMakeFiles/CMakeTmp/src.c:2:
/usr/lib/gcc/x86_64-linux-gnu/9/include/smmintrin.h:282:1: error: inlining failed in call to always_inline ‘_mm_max_epi8’: target specific option mismatch
  282 | _mm_max_epi8 (__m128i __X, __m128i __Y)
      | ^~~~~~~~~~~~
/home/hj102548/test_code/spmv/sdk/upmem-2024.2.0-Linux-x86_64/src/backends/build/CMakeFiles/CMakeTmp/src.c:7:43: note: called from here
    7 |     __attribute__((unused)) __m128i res = _mm_max_epi8(a, b);
      |                                           ^~~~~~~~~~~~~~~~~~
make[1]: *** [CMakeFiles/cmTC_a3d8a.dir/build.make:66: CMakeFiles/cmTC_a3d8a.dir/src.c.o] Error 1
make[1]: Leaving directory '/home/hj102548/test_code/spmv/sdk/upmem-2024.2.0-Linux-x86_64/src/backends/build/CMakeFiles/CMakeTmp'
make: *** [Makefile:121: cmTC_a3d8a/fast] Error 2


...and run output:

Return value: 1
Source file was:

  #include <smmintrin.h>
  int main ()
  {
    __m128i a = _mm_set_epi8(0,0,0,0,0,0,0,0,0,0,0,0,0,0,0,0);
    __m128i b = _mm_set_epi8(0,0,0,0,0,0,0,0,0,0,0,0,0,0,0,0);
    __attribute__((unused)) __m128i res = _mm_max_epi8(a, b);
    return 0;
  }

Performing C SOURCE FILE Test C_COMPILES_SSE4_1_1 failed with the following output:
Change Dir: /home/hj102548/test_code/spmv/sdk/upmem-2024.2.0-Linux-x86_64/src/backends/build/CMakeFiles/CMakeTmp

Run Build Command(s):/usr/bin/make cmTC_f10aa/fast && /usr/bin/make -f CMakeFiles/cmTC_f10aa.dir/build.make CMakeFiles/cmTC_f10aa.dir/build
make[1]: Entering directory '/home/hj102548/test_code/spmv/sdk/upmem-2024.2.0-Linux-x86_64/src/backends/build/CMakeFiles/CMakeTmp'
Building C object CMakeFiles/cmTC_f10aa.dir/src.c.o
/usr/bin/cc   -Wall -Werror -Wextra -std=gnu11  -ffile-prefix-map=/home/hj102548/test_code/spmv/sdk/upmem-2024.2.0-Linux-x86_64/src/backends/build=backends -DC_COMPILES_SSE4_1_1   -o CMakeFiles/cmTC_f10aa.dir/src.c.o   -c /home/hj102548/test_code/spmv/sdk/upmem-2024.2.0-Linux-x86_64/src/backends/build/CMakeFiles/CMakeTmp/src.c
In file included from /home/hj102548/test_code/spmv/sdk/upmem-2024.2.0-Linux-x86_64/src/backends/build/CMakeFiles/CMakeTmp/src.c:2:
/home/hj102548/test_code/spmv/sdk/upmem-2024.2.0-Linux-x86_64/src/backends/build/CMakeFiles/CMakeTmp/src.c: In function ‘main’:
/usr/lib/gcc/x86_64-linux-gnu/9/include/smmintrin.h:282:1: error: inlining failed in call to always_inline ‘_mm_max_epi8’: target specific option mismatch
  282 | _mm_max_epi8 (__m128i __X, __m128i __Y)
      | ^~~~~~~~~~~~
/home/hj102548/test_code/spmv/sdk/upmem-2024.2.0-Linux-x86_64/src/backends/build/CMakeFiles/CMakeTmp/src.c:7:43: note: called from here
    7 |     __attribute__((unused)) __m128i res = _mm_max_epi8(a, b);
      |                                           ^~~~~~~~~~~~~~~~~~
In file included from /home/hj102548/test_code/spmv/sdk/upmem-2024.2.0-Linux-x86_64/src/backends/build/CMakeFiles/CMakeTmp/src.c:2:
/usr/lib/gcc/x86_64-linux-gnu/9/include/smmintrin.h:282:1: error: inlining failed in call to always_inline ‘_mm_max_epi8’: target specific option mismatch
  282 | _mm_max_epi8 (__m128i __X, __m128i __Y)
      | ^~~~~~~~~~~~
/home/hj102548/test_code/spmv/sdk/upmem-2024.2.0-Linux-x86_64/src/backends/build/CMakeFiles/CMakeTmp/src.c:7:43: note: called from here
    7 |     __attribute__((unused)) __m128i res = _mm_max_epi8(a, b);
      |                                           ^~~~~~~~~~~~~~~~~~
make[1]: *** [CMakeFiles/cmTC_f10aa.dir/build.make:66: CMakeFiles/cmTC_f10aa.dir/src.c.o] Error 1
make[1]: Leaving directory '/home/hj102548/test_code/spmv/sdk/upmem-2024.2.0-Linux-x86_64/src/backends/build/CMakeFiles/CMakeTmp'
make: *** [Makefile:121: cmTC_f10aa/fast] Error 2


Source file was:

  #include <smmintrin.h>
  int main ()
  {
    __m128i a = _mm_set_epi8(0,0,0,0,0,0,0,0,0,0,0,0,0,0,0,0);
    __m128i b = _mm_set_epi8(0,0,0,0,0,0,0,0,0,0,0,0,0,0,0,0);
    __attribute__((unused)) __m128i res = _mm_max_epi8(a, b);
    return 0;
  }

Performing C SOURCE FILE Test C_HAS_SSE4_2_1 failed with the following compile output:
Change Dir: /home/hj102548/test_code/spmv/sdk/upmem-2024.2.0-Linux-x86_64/src/backends/build/CMakeFiles/CMakeTmp

Run Build Command(s):/usr/bin/make cmTC_487ca/fast && /usr/bin/make -f CMakeFiles/cmTC_487ca.dir/build.make CMakeFiles/cmTC_487ca.dir/build
make[1]: Entering directory '/home/hj102548/test_code/spmv/sdk/upmem-2024.2.0-Linux-x86_64/src/backends/build/CMakeFiles/CMakeTmp'
Building C object CMakeFiles/cmTC_487ca.dir/src.c.o
/usr/bin/cc   -Wall -Werror -Wextra -std=gnu11  -ffile-prefix-map=/home/hj102548/test_code/spmv/sdk/upmem-2024.2.0-Linux-x86_64/src/backends/build=backends -DC_HAS_SSE4_2_1   -o CMakeFiles/cmTC_487ca.dir/src.c.o   -c /home/hj102548/test_code/spmv/sdk/upmem-2024.2.0-Linux-x86_64/src/backends/build/CMakeFiles/CMakeTmp/src.c
In file included from /usr/lib/gcc/x86_64-linux-gnu/9/include/nmmintrin.h:31,
                 from /home/hj102548/test_code/spmv/sdk/upmem-2024.2.0-Linux-x86_64/src/backends/build/CMakeFiles/CMakeTmp/src.c:2:
/home/hj102548/test_code/spmv/sdk/upmem-2024.2.0-Linux-x86_64/src/backends/build/CMakeFiles/CMakeTmp/src.c: In function ‘main’:
/usr/lib/gcc/x86_64-linux-gnu/9/include/smmintrin.h:796:1: error: inlining failed in call to always_inline ‘_mm_cmpgt_epi64’: target specific option mismatch
  796 | _mm_cmpgt_epi64 (__m128i __X, __m128i __Y)
      | ^~~~~~~~~~~~~~~
/home/hj102548/test_code/spmv/sdk/upmem-2024.2.0-Linux-x86_64/src/backends/build/CMakeFiles/CMakeTmp/src.c:8:9: note: called from here
    8 |     c = _mm_cmpgt_epi64(a, b);
      |         ^~~~~~~~~~~~~~~~~~~~~
In file included from /usr/lib/gcc/x86_64-linux-gnu/9/include/nmmintrin.h:31,
                 from /home/hj102548/test_code/spmv/sdk/upmem-2024.2.0-Linux-x86_64/src/backends/build/CMakeFiles/CMakeTmp/src.c:2:
/usr/lib/gcc/x86_64-linux-gnu/9/include/smmintrin.h:796:1: error: inlining failed in call to always_inline ‘_mm_cmpgt_epi64’: target specific option mismatch
  796 | _mm_cmpgt_epi64 (__m128i __X, __m128i __Y)
      | ^~~~~~~~~~~~~~~
/home/hj102548/test_code/spmv/sdk/upmem-2024.2.0-Linux-x86_64/src/backends/build/CMakeFiles/CMakeTmp/src.c:8:9: note: called from here
    8 |     c = _mm_cmpgt_epi64(a, b);
      |         ^~~~~~~~~~~~~~~~~~~~~
make[1]: *** [CMakeFiles/cmTC_487ca.dir/build.make:66: CMakeFiles/cmTC_487ca.dir/src.c.o] Error 1
make[1]: Leaving directory '/home/hj102548/test_code/spmv/sdk/upmem-2024.2.0-Linux-x86_64/src/backends/build/CMakeFiles/CMakeTmp'
make: *** [Makefile:121: cmTC_487ca/fast] Error 2


...and run output:

Return value: 1
Source file was:

  #include <nmmintrin.h>
  int main()
  {
    __m128i a = _mm_set_epi8(0,0,0,0,0,0,0,0,0,0,0,0,0,0,0,0);
    __m128i b = _mm_set_epi8(0,0,0,0,0,0,0,0,0,0,0,0,0,0,0,0);
    __attribute__((unused)) __m128i c = _mm_set_epi8(0,0,0,0,0,0,0,0,0,0,0,0,0,0,0,0);
    c = _mm_cmpgt_epi64(a, b);
    return 0;
  }

Performing C SOURCE FILE Test C_COMPILES_SSE4_2_1 failed with the following output:
Change Dir: /home/hj102548/test_code/spmv/sdk/upmem-2024.2.0-Linux-x86_64/src/backends/build/CMakeFiles/CMakeTmp

Run Build Command(s):/usr/bin/make cmTC_4d527/fast && /usr/bin/make -f CMakeFiles/cmTC_4d527.dir/build.make CMakeFiles/cmTC_4d527.dir/build
make[1]: Entering directory '/home/hj102548/test_code/spmv/sdk/upmem-2024.2.0-Linux-x86_64/src/backends/build/CMakeFiles/CMakeTmp'
Building C object CMakeFiles/cmTC_4d527.dir/src.c.o
/usr/bin/cc   -Wall -Werror -Wextra -std=gnu11  -ffile-prefix-map=/home/hj102548/test_code/spmv/sdk/upmem-2024.2.0-Linux-x86_64/src/backends/build=backends -DC_COMPILES_SSE4_2_1   -o CMakeFiles/cmTC_4d527.dir/src.c.o   -c /home/hj102548/test_code/spmv/sdk/upmem-2024.2.0-Linux-x86_64/src/backends/build/CMakeFiles/CMakeTmp/src.c
In file included from /usr/lib/gcc/x86_64-linux-gnu/9/include/nmmintrin.h:31,
                 from /home/hj102548/test_code/spmv/sdk/upmem-2024.2.0-Linux-x86_64/src/backends/build/CMakeFiles/CMakeTmp/src.c:2:
/home/hj102548/test_code/spmv/sdk/upmem-2024.2.0-Linux-x86_64/src/backends/build/CMakeFiles/CMakeTmp/src.c: In function ‘main’:
/usr/lib/gcc/x86_64-linux-gnu/9/include/smmintrin.h:796:1: error: inlining failed in call to always_inline ‘_mm_cmpgt_epi64’: target specific option mismatch
  796 | _mm_cmpgt_epi64 (__m128i __X, __m128i __Y)
      | ^~~~~~~~~~~~~~~
/home/hj102548/test_code/spmv/sdk/upmem-2024.2.0-Linux-x86_64/src/backends/build/CMakeFiles/CMakeTmp/src.c:8:9: note: called from here
    8 |     c = _mm_cmpgt_epi64(a, b);
      |         ^~~~~~~~~~~~~~~~~~~~~
In file included from /usr/lib/gcc/x86_64-linux-gnu/9/include/nmmintrin.h:31,
                 from /home/hj102548/test_code/spmv/sdk/upmem-2024.2.0-Linux-x86_64/src/backends/build/CMakeFiles/CMakeTmp/src.c:2:
/usr/lib/gcc/x86_64-linux-gnu/9/include/smmintrin.h:796:1: error: inlining failed in call to always_inline ‘_mm_cmpgt_epi64’: target specific option mismatch
  796 | _mm_cmpgt_epi64 (__m128i __X, __m128i __Y)
      | ^~~~~~~~~~~~~~~
/home/hj102548/test_code/spmv/sdk/upmem-2024.2.0-Linux-x86_64/src/backends/build/CMakeFiles/CMakeTmp/src.c:8:9: note: called from here
    8 |     c = _mm_cmpgt_epi64(a, b);
      |         ^~~~~~~~~~~~~~~~~~~~~
make[1]: *** [CMakeFiles/cmTC_4d527.dir/build.make:66: CMakeFiles/cmTC_4d527.dir/src.c.o] Error 1
make[1]: Leaving directory '/home/hj102548/test_code/spmv/sdk/upmem-2024.2.0-Linux-x86_64/src/backends/build/CMakeFiles/CMakeTmp'
make: *** [Makefile:121: cmTC_4d527/fast] Error 2


Source file was:

  #include <nmmintrin.h>
  int main()
  {
    __m128i a = _mm_set_epi8(0,0,0,0,0,0,0,0,0,0,0,0,0,0,0,0);
    __m128i b = _mm_set_epi8(0,0,0,0,0,0,0,0,0,0,0,0,0,0,0,0);
    __attribute__((unused)) __m128i c = _mm_set_epi8(0,0,0,0,0,0,0,0,0,0,0,0,0,0,0,0);
    c = _mm_cmpgt_epi64(a, b);
    return 0;
  }

Performing C SOURCE FILE Test C_HAS_AVX_1 failed with the following compile output:
Change Dir: /home/hj102548/test_code/spmv/sdk/upmem-2024.2.0-Linux-x86_64/src/backends/build/CMakeFiles/CMakeTmp

Run Build Command(s):/usr/bin/make cmTC_250b6/fast && /usr/bin/make -f CMakeFiles/cmTC_250b6.dir/build.make CMakeFiles/cmTC_250b6.dir/build
make[1]: Entering directory '/home/hj102548/test_code/spmv/sdk/upmem-2024.2.0-Linux-x86_64/src/backends/build/CMakeFiles/CMakeTmp'
Building C object CMakeFiles/cmTC_250b6.dir/src.c.o
/usr/bin/cc   -Wall -Werror -Wextra -std=gnu11  -ffile-prefix-map=/home/hj102548/test_code/spmv/sdk/upmem-2024.2.0-Linux-x86_64/src/backends/build=backends -DC_HAS_AVX_1   -o CMakeFiles/cmTC_250b6.dir/src.c.o   -c /home/hj102548/test_code/spmv/sdk/upmem-2024.2.0-Linux-x86_64/src/backends/build/CMakeFiles/CMakeTmp/src.c
/home/hj102548/test_code/spmv/sdk/upmem-2024.2.0-Linux-x86_64/src/backends/build/CMakeFiles/CMakeTmp/src.c: In function ‘main’:
/home/hj102548/test_code/spmv/sdk/upmem-2024.2.0-Linux-x86_64/src/backends/build/CMakeFiles/CMakeTmp/src.c:6:7: error: AVX vector return without AVX enabled changes the ABI [-Werror=psabi]
    6 |     a = _mm256_set1_ps(0);
      |     ~~^~~~~~~~~~~~~~~~~~~
In file included from /usr/lib/gcc/x86_64-linux-gnu/9/include/immintrin.h:51,
                 from /home/hj102548/test_code/spmv/sdk/upmem-2024.2.0-Linux-x86_64/src/backends/build/CMakeFiles/CMakeTmp/src.c:2:
/usr/lib/gcc/x86_64-linux-gnu/9/include/avxintrin.h:1311:1: error: inlining failed in call to always_inline ‘_mm256_set1_ps’: target specific option mismatch
 1311 | _mm256_set1_ps (float __A)
      | ^~~~~~~~~~~~~~
/home/hj102548/test_code/spmv/sdk/upmem-2024.2.0-Linux-x86_64/src/backends/build/CMakeFiles/CMakeTmp/src.c:6:9: note: called from here
    6 |     a = _mm256_set1_ps(0);
      |         ^~~~~~~~~~~~~~~~~
cc1: all warnings being treated as errors
make[1]: *** [CMakeFiles/cmTC_250b6.dir/build.make:66: CMakeFiles/cmTC_250b6.dir/src.c.o] Error 1
make[1]: Leaving directory '/home/hj102548/test_code/spmv/sdk/upmem-2024.2.0-Linux-x86_64/src/backends/build/CMakeFiles/CMakeTmp'
make: *** [Makefile:121: cmTC_250b6/fast] Error 2


...and run output:

Return value: 1
Source file was:

  #include <immintrin.h>
  int main()
  {
    __attribute__((unused)) __m256 a;
    a = _mm256_set1_ps(0);
    return 0;
  }

Performing C SOURCE FILE Test C_COMPILES_AVX_1 failed with the following output:
Change Dir: /home/hj102548/test_code/spmv/sdk/upmem-2024.2.0-Linux-x86_64/src/backends/build/CMakeFiles/CMakeTmp

Run Build Command(s):/usr/bin/make cmTC_ca187/fast && /usr/bin/make -f CMakeFiles/cmTC_ca187.dir/build.make CMakeFiles/cmTC_ca187.dir/build
make[1]: Entering directory '/home/hj102548/test_code/spmv/sdk/upmem-2024.2.0-Linux-x86_64/src/backends/build/CMakeFiles/CMakeTmp'
Building C object CMakeFiles/cmTC_ca187.dir/src.c.o
/usr/bin/cc   -Wall -Werror -Wextra -std=gnu11  -ffile-prefix-map=/home/hj102548/test_code/spmv/sdk/upmem-2024.2.0-Linux-x86_64/src/backends/build=backends -DC_COMPILES_AVX_1   -o CMakeFiles/cmTC_ca187.dir/src.c.o   -c /home/hj102548/test_code/spmv/sdk/upmem-2024.2.0-Linux-x86_64/src/backends/build/CMakeFiles/CMakeTmp/src.c
/home/hj102548/test_code/spmv/sdk/upmem-2024.2.0-Linux-x86_64/src/backends/build/CMakeFiles/CMakeTmp/src.c: In function ‘main’:
/home/hj102548/test_code/spmv/sdk/upmem-2024.2.0-Linux-x86_64/src/backends/build/CMakeFiles/CMakeTmp/src.c:6:7: error: AVX vector return without AVX enabled changes the ABI [-Werror=psabi]
    6 |     a = _mm256_set1_ps(0);
      |     ~~^~~~~~~~~~~~~~~~~~~
In file included from /usr/lib/gcc/x86_64-linux-gnu/9/include/immintrin.h:51,
                 from /home/hj102548/test_code/spmv/sdk/upmem-2024.2.0-Linux-x86_64/src/backends/build/CMakeFiles/CMakeTmp/src.c:2:
/usr/lib/gcc/x86_64-linux-gnu/9/include/avxintrin.h:1311:1: error: inlining failed in call to always_inline ‘_mm256_set1_ps’: target specific option mismatch
 1311 | _mm256_set1_ps (float __A)
      | ^~~~~~~~~~~~~~
/home/hj102548/test_code/spmv/sdk/upmem-2024.2.0-Linux-x86_64/src/backends/build/CMakeFiles/CMakeTmp/src.c:6:9: note: called from here
    6 |     a = _mm256_set1_ps(0);
      |         ^~~~~~~~~~~~~~~~~
cc1: all warnings being treated as errors
make[1]: *** [CMakeFiles/cmTC_ca187.dir/build.make:66: CMakeFiles/cmTC_ca187.dir/src.c.o] Error 1
make[1]: Leaving directory '/home/hj102548/test_code/spmv/sdk/upmem-2024.2.0-Linux-x86_64/src/backends/build/CMakeFiles/CMakeTmp'
make: *** [Makefile:121: cmTC_ca187/fast] Error 2


Source file was:

  #include <immintrin.h>
  int main()
  {
    __attribute__((unused)) __m256 a;
    a = _mm256_set1_ps(0);
    return 0;
  }

Performing C SOURCE FILE Test C_HAS_AVX2_1 failed with the following compile output:
Change Dir: /home/hj102548/test_code/spmv/sdk/upmem-2024.2.0-Linux-x86_64/src/backends/build/CMakeFiles/CMakeTmp

Run Build Command(s):/usr/bin/make cmTC_7aab9/fast && /usr/bin/make -f CMakeFiles/cmTC_7aab9.dir/build.make CMakeFiles/cmTC_7aab9.dir/build
make[1]: Entering directory '/home/hj102548/test_code/spmv/sdk/upmem-2024.2.0-Linux-x86_64/src/backends/build/CMakeFiles/CMakeTmp'
Building C object CMakeFiles/cmTC_7aab9.dir/src.c.o
/usr/bin/cc   -Wall -Werror -Wextra -std=gnu11  -ffile-prefix-map=/home/hj102548/test_code/spmv/sdk/upmem-2024.2.0-Linux-x86_64/src/backends/build=backends -DC_HAS_AVX2_1   -o CMakeFiles/cmTC_7aab9.dir/src.c.o   -c /home/hj102548/test_code/spmv/sdk/upmem-2024.2.0-Linux-x86_64/src/backends/build/CMakeFiles/CMakeTmp/src.c
/home/hj102548/test_code/spmv/sdk/upmem-2024.2.0-Linux-x86_64/src/backends/build/CMakeFiles/CMakeTmp/src.c: In function ‘main’:
/home/hj102548/test_code/spmv/sdk/upmem-2024.2.0-Linux-x86_64/src/backends/build/CMakeFiles/CMakeTmp/src.c:6:7: error: AVX vector return without AVX enabled changes the ABI [-Werror=psabi]
    6 |     a = _mm256_abs_epi16(a);
      |     ~~^~~~~~~~~~~~~~~~~~~~~
In file included from /usr/lib/gcc/x86_64-linux-gnu/9/include/immintrin.h:53,
                 from /home/hj102548/test_code/spmv/sdk/upmem-2024.2.0-Linux-x86_64/src/backends/build/CMakeFiles/CMakeTmp/src.c:2:
/usr/lib/gcc/x86_64-linux-gnu/9/include/avx2intrin.h:63:1: error: inlining failed in call to always_inline ‘_mm256_abs_epi16’: target specific option mismatch
   63 | _mm256_abs_epi16 (__m256i __A)
      | ^~~~~~~~~~~~~~~~
/home/hj102548/test_code/spmv/sdk/upmem-2024.2.0-Linux-x86_64/src/backends/build/CMakeFiles/CMakeTmp/src.c:6:9: note: called from here
    6 |     a = _mm256_abs_epi16(a);
      |         ^~~~~~~~~~~~~~~~~~~
cc1: all warnings being treated as errors
make[1]: *** [CMakeFiles/cmTC_7aab9.dir/build.make:66: CMakeFiles/cmTC_7aab9.dir/src.c.o] Error 1
make[1]: Leaving directory '/home/hj102548/test_code/spmv/sdk/upmem-2024.2.0-Linux-x86_64/src/backends/build/CMakeFiles/CMakeTmp'
make: *** [Makefile:121: cmTC_7aab9/fast] Error 2


...and run output:

Return value: 1
Source file was:

  #include <immintrin.h>
  int main()
  {
    __m256i a = {0};
    a = _mm256_abs_epi16(a);
    return 0;
  }

Performing C SOURCE FILE Test C_COMPILES_AVX2_1 failed with the following output:
Change Dir: /home/hj102548/test_code/spmv/sdk/upmem-2024.2.0-Linux-x86_64/src/backends/build/CMakeFiles/CMakeTmp

Run Build Command(s):/usr/bin/make cmTC_8be26/fast && /usr/bin/make -f CMakeFiles/cmTC_8be26.dir/build.make CMakeFiles/cmTC_8be26.dir/build
make[1]: Entering directory '/home/hj102548/test_code/spmv/sdk/upmem-2024.2.0-Linux-x86_64/src/backends/build/CMakeFiles/CMakeTmp'
Building C object CMakeFiles/cmTC_8be26.dir/src.c.o
/usr/bin/cc   -Wall -Werror -Wextra -std=gnu11  -ffile-prefix-map=/home/hj102548/test_code/spmv/sdk/upmem-2024.2.0-Linux-x86_64/src/backends/build=backends -DC_COMPILES_AVX2_1   -o CMakeFiles/cmTC_8be26.dir/src.c.o   -c /home/hj102548/test_code/spmv/sdk/upmem-2024.2.0-Linux-x86_64/src/backends/build/CMakeFiles/CMakeTmp/src.c
/home/hj102548/test_code/spmv/sdk/upmem-2024.2.0-Linux-x86_64/src/backends/build/CMakeFiles/CMakeTmp/src.c: In function ‘main’:
/home/hj102548/test_code/spmv/sdk/upmem-2024.2.0-Linux-x86_64/src/backends/build/CMakeFiles/CMakeTmp/src.c:6:7: error: AVX vector return without AVX enabled changes the ABI [-Werror=psabi]
    6 |     a = _mm256_abs_epi16(a);
      |     ~~^~~~~~~~~~~~~~~~~~~~~
In file included from /usr/lib/gcc/x86_64-linux-gnu/9/include/immintrin.h:53,
                 from /home/hj102548/test_code/spmv/sdk/upmem-2024.2.0-Linux-x86_64/src/backends/build/CMakeFiles/CMakeTmp/src.c:2:
/usr/lib/gcc/x86_64-linux-gnu/9/include/avx2intrin.h:63:1: error: inlining failed in call to always_inline ‘_mm256_abs_epi16’: target specific option mismatch
   63 | _mm256_abs_epi16 (__m256i __A)
      | ^~~~~~~~~~~~~~~~
/home/hj102548/test_code/spmv/sdk/upmem-2024.2.0-Linux-x86_64/src/backends/build/CMakeFiles/CMakeTmp/src.c:6:9: note: called from here
    6 |     a = _mm256_abs_epi16(a);
      |         ^~~~~~~~~~~~~~~~~~~
cc1: all warnings being treated as errors
make[1]: *** [CMakeFiles/cmTC_8be26.dir/build.make:66: CMakeFiles/cmTC_8be26.dir/src.c.o] Error 1
make[1]: Leaving directory '/home/hj102548/test_code/spmv/sdk/upmem-2024.2.0-Linux-x86_64/src/backends/build/CMakeFiles/CMakeTmp'
make: *** [Makefile:121: cmTC_8be26/fast] Error 2


Source file was:

  #include <immintrin.h>
  int main()
  {
    __m256i a = {0};
    a = _mm256_abs_epi16(a);
    return 0;
  }

Performing C SOURCE FILE Test C_HAS_AVX512F_1 failed with the following compile output:
Change Dir: /home/hj102548/test_code/spmv/sdk/upmem-2024.2.0-Linux-x86_64/src/backends/build/CMakeFiles/CMakeTmp

Run Build Command(s):/usr/bin/make cmTC_49e41/fast && /usr/bin/make -f CMakeFiles/cmTC_49e41.dir/build.make CMakeFiles/cmTC_49e41.dir/build
make[1]: Entering directory '/home/hj102548/test_code/spmv/sdk/upmem-2024.2.0-Linux-x86_64/src/backends/build/CMakeFiles/CMakeTmp'
Building C object CMakeFiles/cmTC_49e41.dir/src.c.o
/usr/bin/cc   -Wall -Werror -Wextra -std=gnu11  -ffile-prefix-map=/home/hj102548/test_code/spmv/sdk/upmem-2024.2.0-Linux-x86_64/src/backends/build=backends -DC_HAS_AVX512F_1   -o CMakeFiles/cmTC_49e41.dir/src.c.o   -c /home/hj102548/test_code/spmv/sdk/upmem-2024.2.0-Linux-x86_64/src/backends/build/CMakeFiles/CMakeTmp/src.c
/home/hj102548/test_code/spmv/sdk/upmem-2024.2.0-Linux-x86_64/src/backends/build/CMakeFiles/CMakeTmp/src.c: In function ‘main’:
/home/hj102548/test_code/spmv/sdk/upmem-2024.2.0-Linux-x86_64/src/backends/build/CMakeFiles/CMakeTmp/src.c:5:12: error: AVX512F vector return without AVX512F enabled changes the ABI [-Werror=psabi]
    5 |     __m512 a = _mm512_set1_ps(1.f);
      |            ^
In file included from /usr/lib/gcc/x86_64-linux-gnu/9/include/immintrin.h:55,
                 from /home/hj102548/test_code/spmv/sdk/upmem-2024.2.0-Linux-x86_64/src/backends/build/CMakeFiles/CMakeTmp/src.c:2:
/usr/lib/gcc/x86_64-linux-gnu/9/include/avx512fintrin.h:12294:1: error: inlining failed in call to always_inline ‘_mm512_add_ps’: target specific option mismatch
12294 | _mm512_add_ps (__m512 __A, __m512 __B)
      | ^~~~~~~~~~~~~
/home/hj102548/test_code/spmv/sdk/upmem-2024.2.0-Linux-x86_64/src/backends/build/CMakeFiles/CMakeTmp/src.c:6:9: note: called from here
    6 |     a = _mm512_add_ps(a, _mm512_set1_ps(1.f));;
      |         ^~~~~~~~~~~~~~~~~~~~~~~~~~~~~~~~~~~~~
In file included from /usr/lib/gcc/x86_64-linux-gnu/9/include/immintrin.h:55,
                 from /home/hj102548/test_code/spmv/sdk/upmem-2024.2.0-Linux-x86_64/src/backends/build/CMakeFiles/CMakeTmp/src.c:2:
/usr/lib/gcc/x86_64-linux-gnu/9/include/avx512fintrin.h:251:1: error: inlining failed in call to always_inline ‘_mm512_set1_ps’: target specific option mismatch
  251 | _mm512_set1_ps (float __A)
      | ^~~~~~~~~~~~~~
/home/hj102548/test_code/spmv/sdk/upmem-2024.2.0-Linux-x86_64/src/backends/build/CMakeFiles/CMakeTmp/src.c:6:9: note: called from here
    6 |     a = _mm512_add_ps(a, _mm512_set1_ps(1.f));;
      |         ^~~~~~~~~~~~~~~~~~~~~~~~~~~~~~~~~~~~~
In file included from /usr/lib/gcc/x86_64-linux-gnu/9/include/immintrin.h:55,
                 from /home/hj102548/test_code/spmv/sdk/upmem-2024.2.0-Linux-x86_64/src/backends/build/CMakeFiles/CMakeTmp/src.c:2:
/usr/lib/gcc/x86_64-linux-gnu/9/include/avx512fintrin.h:251:1: error: inlining failed in call to always_inline ‘_mm512_set1_ps’: target specific option mismatch
  251 | _mm512_set1_ps (float __A)
      | ^~~~~~~~~~~~~~
/home/hj102548/test_code/spmv/sdk/upmem-2024.2.0-Linux-x86_64/src/backends/build/CMakeFiles/CMakeTmp/src.c:5:16: note: called from here
    5 |     __m512 a = _mm512_set1_ps(1.f);
      |                ^~~~~~~~~~~~~~~~~~~
cc1: all warnings being treated as errors
make[1]: *** [CMakeFiles/cmTC_49e41.dir/build.make:66: CMakeFiles/cmTC_49e41.dir/src.c.o] Error 1
make[1]: Leaving directory '/home/hj102548/test_code/spmv/sdk/upmem-2024.2.0-Linux-x86_64/src/backends/build/CMakeFiles/CMakeTmp'
make: *** [Makefile:121: cmTC_49e41/fast] Error 2


...and run output:

Return value: 1
Source file was:

  #include <immintrin.h>
  int main()
  {
    __m512 a = _mm512_set1_ps(1.f);
    a = _mm512_add_ps(a, _mm512_set1_ps(1.f));;
    return 0;
  }

Performing C SOURCE FILE Test C_COMPILES_AVX512F_1 failed with the following output:
Change Dir: /home/hj102548/test_code/spmv/sdk/upmem-2024.2.0-Linux-x86_64/src/backends/build/CMakeFiles/CMakeTmp

Run Build Command(s):/usr/bin/make cmTC_7d138/fast && /usr/bin/make -f CMakeFiles/cmTC_7d138.dir/build.make CMakeFiles/cmTC_7d138.dir/build
make[1]: Entering directory '/home/hj102548/test_code/spmv/sdk/upmem-2024.2.0-Linux-x86_64/src/backends/build/CMakeFiles/CMakeTmp'
Building C object CMakeFiles/cmTC_7d138.dir/src.c.o
/usr/bin/cc   -Wall -Werror -Wextra -std=gnu11  -ffile-prefix-map=/home/hj102548/test_code/spmv/sdk/upmem-2024.2.0-Linux-x86_64/src/backends/build=backends -DC_COMPILES_AVX512F_1   -o CMakeFiles/cmTC_7d138.dir/src.c.o   -c /home/hj102548/test_code/spmv/sdk/upmem-2024.2.0-Linux-x86_64/src/backends/build/CMakeFiles/CMakeTmp/src.c
/home/hj102548/test_code/spmv/sdk/upmem-2024.2.0-Linux-x86_64/src/backends/build/CMakeFiles/CMakeTmp/src.c: In function ‘main’:
/home/hj102548/test_code/spmv/sdk/upmem-2024.2.0-Linux-x86_64/src/backends/build/CMakeFiles/CMakeTmp/src.c:5:12: error: AVX512F vector return without AVX512F enabled changes the ABI [-Werror=psabi]
    5 |     __m512 a = _mm512_set1_ps(1.f);
      |            ^
In file included from /usr/lib/gcc/x86_64-linux-gnu/9/include/immintrin.h:55,
                 from /home/hj102548/test_code/spmv/sdk/upmem-2024.2.0-Linux-x86_64/src/backends/build/CMakeFiles/CMakeTmp/src.c:2:
/usr/lib/gcc/x86_64-linux-gnu/9/include/avx512fintrin.h:12294:1: error: inlining failed in call to always_inline ‘_mm512_add_ps’: target specific option mismatch
12294 | _mm512_add_ps (__m512 __A, __m512 __B)
      | ^~~~~~~~~~~~~
/home/hj102548/test_code/spmv/sdk/upmem-2024.2.0-Linux-x86_64/src/backends/build/CMakeFiles/CMakeTmp/src.c:6:9: note: called from here
    6 |     a = _mm512_add_ps(a, _mm512_set1_ps(1.f));;
      |         ^~~~~~~~~~~~~~~~~~~~~~~~~~~~~~~~~~~~~
In file included from /usr/lib/gcc/x86_64-linux-gnu/9/include/immintrin.h:55,
                 from /home/hj102548/test_code/spmv/sdk/upmem-2024.2.0-Linux-x86_64/src/backends/build/CMakeFiles/CMakeTmp/src.c:2:
/usr/lib/gcc/x86_64-linux-gnu/9/include/avx512fintrin.h:251:1: error: inlining failed in call to always_inline ‘_mm512_set1_ps’: target specific option mismatch
  251 | _mm512_set1_ps (float __A)
      | ^~~~~~~~~~~~~~
/home/hj102548/test_code/spmv/sdk/upmem-2024.2.0-Linux-x86_64/src/backends/build/CMakeFiles/CMakeTmp/src.c:6:9: note: called from here
    6 |     a = _mm512_add_ps(a, _mm512_set1_ps(1.f));;
      |         ^~~~~~~~~~~~~~~~~~~~~~~~~~~~~~~~~~~~~
In file included from /usr/lib/gcc/x86_64-linux-gnu/9/include/immintrin.h:55,
                 from /home/hj102548/test_code/spmv/sdk/upmem-2024.2.0-Linux-x86_64/src/backends/build/CMakeFiles/CMakeTmp/src.c:2:
/usr/lib/gcc/x86_64-linux-gnu/9/include/avx512fintrin.h:251:1: error: inlining failed in call to always_inline ‘_mm512_set1_ps’: target specific option mismatch
  251 | _mm512_set1_ps (float __A)
      | ^~~~~~~~~~~~~~
/home/hj102548/test_code/spmv/sdk/upmem-2024.2.0-Linux-x86_64/src/backends/build/CMakeFiles/CMakeTmp/src.c:5:16: note: called from here
    5 |     __m512 a = _mm512_set1_ps(1.f);
      |                ^~~~~~~~~~~~~~~~~~~
cc1: all warnings being treated as errors
make[1]: *** [CMakeFiles/cmTC_7d138.dir/build.make:66: CMakeFiles/cmTC_7d138.dir/src.c.o] Error 1
make[1]: Leaving directory '/home/hj102548/test_code/spmv/sdk/upmem-2024.2.0-Linux-x86_64/src/backends/build/CMakeFiles/CMakeTmp'
make: *** [Makefile:121: cmTC_7d138/fast] Error 2


Source file was:

  #include <immintrin.h>
  int main()
  {
    __m512 a = _mm512_set1_ps(1.f);
    a = _mm512_add_ps(a, _mm512_set1_ps(1.f));;
    return 0;
  }

Performing C SOURCE FILE Test C_HAS_AVX512BW_1 failed with the following compile output:
Change Dir: /home/hj102548/test_code/spmv/sdk/upmem-2024.2.0-Linux-x86_64/src/backends/build/CMakeFiles/CMakeTmp

Run Build Command(s):/usr/bin/make cmTC_c7b6e/fast && /usr/bin/make -f CMakeFiles/cmTC_c7b6e.dir/build.make CMakeFiles/cmTC_c7b6e.dir/build
make[1]: Entering directory '/home/hj102548/test_code/spmv/sdk/upmem-2024.2.0-Linux-x86_64/src/backends/build/CMakeFiles/CMakeTmp'
Building C object CMakeFiles/cmTC_c7b6e.dir/src.c.o
/usr/bin/cc   -Wall -Werror -Wextra -std=gnu11  -ffile-prefix-map=/home/hj102548/test_code/spmv/sdk/upmem-2024.2.0-Linux-x86_64/src/backends/build=backends -DC_HAS_AVX512BW_1   -o CMakeFiles/cmTC_c7b6e.dir/src.c.o   -c /home/hj102548/test_code/spmv/sdk/upmem-2024.2.0-Linux-x86_64/src/backends/build/CMakeFiles/CMakeTmp/src.c
/home/hj102548/test_code/spmv/sdk/upmem-2024.2.0-Linux-x86_64/src/backends/build/CMakeFiles/CMakeTmp/src.c: In function ‘main’:
/home/hj102548/test_code/spmv/sdk/upmem-2024.2.0-Linux-x86_64/src/backends/build/CMakeFiles/CMakeTmp/src.c:5:13: error: AVX512F vector return without AVX512F enabled changes the ABI [-Werror=psabi]
    5 |     __m512i mask = _mm512_set_epi64(0, 0, 0, 0, 0, 0, 0, 0);
      |             ^~~~
In file included from /usr/lib/gcc/x86_64-linux-gnu/9/include/immintrin.h:65,
                 from /home/hj102548/test_code/spmv/sdk/upmem-2024.2.0-Linux-x86_64/src/backends/build/CMakeFiles/CMakeTmp/src.c:2:
/usr/lib/gcc/x86_64-linux-gnu/9/include/avx512bwintrin.h:1852:1: error: inlining failed in call to always_inline ‘_mm512_shuffle_epi8’: target specific option mismatch
 1852 | _mm512_shuffle_epi8 (__m512i __A, __m512i __B)
      | ^~~~~~~~~~~~~~~~~~~
/home/hj102548/test_code/spmv/sdk/upmem-2024.2.0-Linux-x86_64/src/backends/build/CMakeFiles/CMakeTmp/src.c:7:12: note: called from here
    7 |     load = _mm512_shuffle_epi8(load, mask);
      |            ^~~~~~~~~~~~~~~~~~~~~~~~~~~~~~~
In file included from /usr/lib/gcc/x86_64-linux-gnu/9/include/immintrin.h:55,
                 from /home/hj102548/test_code/spmv/sdk/upmem-2024.2.0-Linux-x86_64/src/backends/build/CMakeFiles/CMakeTmp/src.c:2:
/usr/lib/gcc/x86_64-linux-gnu/9/include/avx512fintrin.h:79:1: error: inlining failed in call to always_inline ‘_mm512_set_epi64’: target specific option mismatch
   79 | _mm512_set_epi64 (long long __A, long long __B, long long __C,
      | ^~~~~~~~~~~~~~~~
/home/hj102548/test_code/spmv/sdk/upmem-2024.2.0-Linux-x86_64/src/backends/build/CMakeFiles/CMakeTmp/src.c:5:20: note: called from here
    5 |     __m512i mask = _mm512_set_epi64(0, 0, 0, 0, 0, 0, 0, 0);
      |                    ^~~~~~~~~~~~~~~~~~~~~~~~~~~~~~~~~~~~~~~~
cc1: all warnings being treated as errors
make[1]: *** [CMakeFiles/cmTC_c7b6e.dir/build.make:66: CMakeFiles/cmTC_c7b6e.dir/src.c.o] Error 1
make[1]: Leaving directory '/home/hj102548/test_code/spmv/sdk/upmem-2024.2.0-Linux-x86_64/src/backends/build/CMakeFiles/CMakeTmp'
make: *** [Makefile:121: cmTC_c7b6e/fast] Error 2


...and run output:

Return value: 1
Source file was:

  #include <immintrin.h>
  int main()
  {
    __m512i mask = _mm512_set_epi64(0, 0, 0, 0, 0, 0, 0, 0);
    __attribute__((unused)) __m512i load = {0};
    load = _mm512_shuffle_epi8(load, mask);
    return 0;
  }

Performing C SOURCE FILE Test C_COMPILES_AVX512BW_1 failed with the following output:
Change Dir: /home/hj102548/test_code/spmv/sdk/upmem-2024.2.0-Linux-x86_64/src/backends/build/CMakeFiles/CMakeTmp

Run Build Command(s):/usr/bin/make cmTC_5c563/fast && /usr/bin/make -f CMakeFiles/cmTC_5c563.dir/build.make CMakeFiles/cmTC_5c563.dir/build
make[1]: Entering directory '/home/hj102548/test_code/spmv/sdk/upmem-2024.2.0-Linux-x86_64/src/backends/build/CMakeFiles/CMakeTmp'
Building C object CMakeFiles/cmTC_5c563.dir/src.c.o
/usr/bin/cc   -Wall -Werror -Wextra -std=gnu11  -ffile-prefix-map=/home/hj102548/test_code/spmv/sdk/upmem-2024.2.0-Linux-x86_64/src/backends/build=backends -DC_COMPILES_AVX512BW_1   -o CMakeFiles/cmTC_5c563.dir/src.c.o   -c /home/hj102548/test_code/spmv/sdk/upmem-2024.2.0-Linux-x86_64/src/backends/build/CMakeFiles/CMakeTmp/src.c
/home/hj102548/test_code/spmv/sdk/upmem-2024.2.0-Linux-x86_64/src/backends/build/CMakeFiles/CMakeTmp/src.c: In function ‘main’:
/home/hj102548/test_code/spmv/sdk/upmem-2024.2.0-Linux-x86_64/src/backends/build/CMakeFiles/CMakeTmp/src.c:5:13: error: AVX512F vector return without AVX512F enabled changes the ABI [-Werror=psabi]
    5 |     __m512i mask = _mm512_set_epi64(0, 0, 0, 0, 0, 0, 0, 0);
      |             ^~~~
In file included from /usr/lib/gcc/x86_64-linux-gnu/9/include/immintrin.h:65,
                 from /home/hj102548/test_code/spmv/sdk/upmem-2024.2.0-Linux-x86_64/src/backends/build/CMakeFiles/CMakeTmp/src.c:2:
/usr/lib/gcc/x86_64-linux-gnu/9/include/avx512bwintrin.h:1852:1: error: inlining failed in call to always_inline ‘_mm512_shuffle_epi8’: target specific option mismatch
 1852 | _mm512_shuffle_epi8 (__m512i __A, __m512i __B)
      | ^~~~~~~~~~~~~~~~~~~
/home/hj102548/test_code/spmv/sdk/upmem-2024.2.0-Linux-x86_64/src/backends/build/CMakeFiles/CMakeTmp/src.c:7:12: note: called from here
    7 |     load = _mm512_shuffle_epi8(load, mask);
      |            ^~~~~~~~~~~~~~~~~~~~~~~~~~~~~~~
In file included from /usr/lib/gcc/x86_64-linux-gnu/9/include/immintrin.h:55,
                 from /home/hj102548/test_code/spmv/sdk/upmem-2024.2.0-Linux-x86_64/src/backends/build/CMakeFiles/CMakeTmp/src.c:2:
/usr/lib/gcc/x86_64-linux-gnu/9/include/avx512fintrin.h:79:1: error: inlining failed in call to always_inline ‘_mm512_set_epi64’: target specific option mismatch
   79 | _mm512_set_epi64 (long long __A, long long __B, long long __C,
      | ^~~~~~~~~~~~~~~~
/home/hj102548/test_code/spmv/sdk/upmem-2024.2.0-Linux-x86_64/src/backends/build/CMakeFiles/CMakeTmp/src.c:5:20: note: called from here
    5 |     __m512i mask = _mm512_set_epi64(0, 0, 0, 0, 0, 0, 0, 0);
      |                    ^~~~~~~~~~~~~~~~~~~~~~~~~~~~~~~~~~~~~~~~
cc1: all warnings being treated as errors
make[1]: *** [CMakeFiles/cmTC_5c563.dir/build.make:66: CMakeFiles/cmTC_5c563.dir/src.c.o] Error 1
make[1]: Leaving directory '/home/hj102548/test_code/spmv/sdk/upmem-2024.2.0-Linux-x86_64/src/backends/build/CMakeFiles/CMakeTmp'
make: *** [Makefile:121: cmTC_5c563/fast] Error 2


Source file was:

  #include <immintrin.h>
  int main()
  {
    __m512i mask = _mm512_set_epi64(0, 0, 0, 0, 0, 0, 0, 0);
    __attribute__((unused)) __m512i load = {0};
    load = _mm512_shuffle_epi8(load, mask);
    return 0;
  }

Performing C SOURCE FILE Test C_HAS_CLFLUSHOPT_1 failed with the following compile output:
Change Dir: /home/hj102548/test_code/spmv/sdk/upmem-2024.2.0-Linux-x86_64/src/backends/build/CMakeFiles/CMakeTmp

Run Build Command(s):/usr/bin/make cmTC_225a4/fast && /usr/bin/make -f CMakeFiles/cmTC_225a4.dir/build.make CMakeFiles/cmTC_225a4.dir/build
make[1]: Entering directory '/home/hj102548/test_code/spmv/sdk/upmem-2024.2.0-Linux-x86_64/src/backends/build/CMakeFiles/CMakeTmp'
Building C object CMakeFiles/cmTC_225a4.dir/src.c.o
/usr/bin/cc   -Wall -Werror -Wextra -std=gnu11  -ffile-prefix-map=/home/hj102548/test_code/spmv/sdk/upmem-2024.2.0-Linux-x86_64/src/backends/build=backends -DC_HAS_CLFLUSHOPT_1   -o CMakeFiles/cmTC_225a4.dir/src.c.o   -c /home/hj102548/test_code/spmv/sdk/upmem-2024.2.0-Linux-x86_64/src/backends/build/CMakeFiles/CMakeTmp/src.c
/home/hj102548/test_code/spmv/sdk/upmem-2024.2.0-Linux-x86_64/src/backends/build/CMakeFiles/CMakeTmp/src.c: In function ‘main’:
/home/hj102548/test_code/spmv/sdk/upmem-2024.2.0-Linux-x86_64/src/backends/build/CMakeFiles/CMakeTmp/src.c:6:5: error: ‘__builtin_ia32_clflushopt’ needs isa option -mclflushopt
    6 |     __builtin_ia32_clflushopt(&flush);
      |     ^~~~~~~~~~~~~~~~~~~~~~~~~~~~~~~~~
make[1]: *** [CMakeFiles/cmTC_225a4.dir/build.make:66: CMakeFiles/cmTC_225a4.dir/src.c.o] Error 1
make[1]: Leaving directory '/home/hj102548/test_code/spmv/sdk/upmem-2024.2.0-Linux-x86_64/src/backends/build/CMakeFiles/CMakeTmp'
make: *** [Makefile:121: cmTC_225a4/fast] Error 2


...and run output:

Return value: 1
Source file was:

  #include <immintrin.h>
  int main()
  {
    int flush = 1;
    __builtin_ia32_clflushopt(&flush);
    return 0;
  }

Performing C SOURCE FILE Test C_COMPILES_CLFLUSHOPT_1 failed with the following output:
Change Dir: /home/hj102548/test_code/spmv/sdk/upmem-2024.2.0-Linux-x86_64/src/backends/build/CMakeFiles/CMakeTmp

Run Build Command(s):/usr/bin/make cmTC_0e98b/fast && /usr/bin/make -f CMakeFiles/cmTC_0e98b.dir/build.make CMakeFiles/cmTC_0e98b.dir/build
make[1]: Entering directory '/home/hj102548/test_code/spmv/sdk/upmem-2024.2.0-Linux-x86_64/src/backends/build/CMakeFiles/CMakeTmp'
Building C object CMakeFiles/cmTC_0e98b.dir/src.c.o
/usr/bin/cc   -Wall -Werror -Wextra -std=gnu11  -ffile-prefix-map=/home/hj102548/test_code/spmv/sdk/upmem-2024.2.0-Linux-x86_64/src/backends/build=backends -DC_COMPILES_CLFLUSHOPT_1   -o CMakeFiles/cmTC_0e98b.dir/src.c.o   -c /home/hj102548/test_code/spmv/sdk/upmem-2024.2.0-Linux-x86_64/src/backends/build/CMakeFiles/CMakeTmp/src.c
/home/hj102548/test_code/spmv/sdk/upmem-2024.2.0-Linux-x86_64/src/backends/build/CMakeFiles/CMakeTmp/src.c: In function ‘main’:
/home/hj102548/test_code/spmv/sdk/upmem-2024.2.0-Linux-x86_64/src/backends/build/CMakeFiles/CMakeTmp/src.c:6:5: error: ‘__builtin_ia32_clflushopt’ needs isa option -mclflushopt
    6 |     __builtin_ia32_clflushopt(&flush);
      |     ^~~~~~~~~~~~~~~~~~~~~~~~~~~~~~~~~
make[1]: *** [CMakeFiles/cmTC_0e98b.dir/build.make:66: CMakeFiles/cmTC_0e98b.dir/src.c.o] Error 1
make[1]: Leaving directory '/home/hj102548/test_code/spmv/sdk/upmem-2024.2.0-Linux-x86_64/src/backends/build/CMakeFiles/CMakeTmp'
make: *** [Makefile:121: cmTC_0e98b/fast] Error 2


Source file was:

  #include <immintrin.h>
  int main()
  {
    int flush = 1;
    __builtin_ia32_clflushopt(&flush);
    return 0;
  }

Performing C SOURCE FILE Test CXX_HAS_SSE3_1 failed with the following compile output:
Change Dir: /home/hj102548/test_code/spmv/sdk/upmem-2024.2.0-Linux-x86_64/src/backends/build/CMakeFiles/CMakeTmp

Run Build Command(s):/usr/bin/make cmTC_69fc6/fast && /usr/bin/make -f CMakeFiles/cmTC_69fc6.dir/build.make CMakeFiles/cmTC_69fc6.dir/build
make[1]: Entering directory '/home/hj102548/test_code/spmv/sdk/upmem-2024.2.0-Linux-x86_64/src/backends/build/CMakeFiles/CMakeTmp'
Building C object CMakeFiles/cmTC_69fc6.dir/src.c.o
/usr/bin/cc   -Wall -Werror -Wextra -std=gnu11  -ffile-prefix-map=/home/hj102548/test_code/spmv/sdk/upmem-2024.2.0-Linux-x86_64/src/backends/build=backends -DCXX_HAS_SSE3_1   -o CMakeFiles/cmTC_69fc6.dir/src.c.o   -c /home/hj102548/test_code/spmv/sdk/upmem-2024.2.0-Linux-x86_64/src/backends/build/CMakeFiles/CMakeTmp/src.c
In file included from /home/hj102548/test_code/spmv/sdk/upmem-2024.2.0-Linux-x86_64/src/backends/build/CMakeFiles/CMakeTmp/src.c:2:
/home/hj102548/test_code/spmv/sdk/upmem-2024.2.0-Linux-x86_64/src/backends/build/CMakeFiles/CMakeTmp/src.c: In function ‘main’:
/usr/lib/gcc/x86_64-linux-gnu/9/include/pmmintrin.h:110:1: error: inlining failed in call to always_inline ‘_mm_lddqu_si128’: target specific option mismatch
  110 | _mm_lddqu_si128 (__m128i const *__P)
      | ^~~~~~~~~~~~~~~
/home/hj102548/test_code/spmv/sdk/upmem-2024.2.0-Linux-x86_64/src/backends/build/CMakeFiles/CMakeTmp/src.c:7:9: note: called from here
    7 |     a = _mm_lddqu_si128( (const __m128i*)vals );
      |         ^~~~~~~~~~~~~~~~~~~~~~~~~~~~~~~~~~~~~~~
make[1]: *** [CMakeFiles/cmTC_69fc6.dir/build.make:66: CMakeFiles/cmTC_69fc6.dir/src.c.o] Error 1
make[1]: Leaving directory '/home/hj102548/test_code/spmv/sdk/upmem-2024.2.0-Linux-x86_64/src/backends/build/CMakeFiles/CMakeTmp'
make: *** [Makefile:121: cmTC_69fc6/fast] Error 2


...and run output:

Return value: 1
Source file was:

  #include <pmmintrin.h>
  int main( )
  {
    const int vals[4] = {0,0,0,0};
    __attribute__((unused)) __m128i a;
    a = _mm_lddqu_si128( (const __m128i*)vals );
    return 0;
  }
Performing C SOURCE FILE Test CXX_COMPILES_SSE3_1 failed with the following output:
Change Dir: /home/hj102548/test_code/spmv/sdk/upmem-2024.2.0-Linux-x86_64/src/backends/build/CMakeFiles/CMakeTmp

Run Build Command(s):/usr/bin/make cmTC_2d7c6/fast && /usr/bin/make -f CMakeFiles/cmTC_2d7c6.dir/build.make CMakeFiles/cmTC_2d7c6.dir/build
make[1]: Entering directory '/home/hj102548/test_code/spmv/sdk/upmem-2024.2.0-Linux-x86_64/src/backends/build/CMakeFiles/CMakeTmp'
Building C object CMakeFiles/cmTC_2d7c6.dir/src.c.o
/usr/bin/cc   -Wall -Werror -Wextra -std=gnu11  -ffile-prefix-map=/home/hj102548/test_code/spmv/sdk/upmem-2024.2.0-Linux-x86_64/src/backends/build=backends -DCXX_COMPILES_SSE3_1   -o CMakeFiles/cmTC_2d7c6.dir/src.c.o   -c /home/hj102548/test_code/spmv/sdk/upmem-2024.2.0-Linux-x86_64/src/backends/build/CMakeFiles/CMakeTmp/src.c
In file included from /home/hj102548/test_code/spmv/sdk/upmem-2024.2.0-Linux-x86_64/src/backends/build/CMakeFiles/CMakeTmp/src.c:2:
/home/hj102548/test_code/spmv/sdk/upmem-2024.2.0-Linux-x86_64/src/backends/build/CMakeFiles/CMakeTmp/src.c: In function ‘main’:
/usr/lib/gcc/x86_64-linux-gnu/9/include/pmmintrin.h:110:1: error: inlining failed in call to always_inline ‘_mm_lddqu_si128’: target specific option mismatch
  110 | _mm_lddqu_si128 (__m128i const *__P)
      | ^~~~~~~~~~~~~~~
/home/hj102548/test_code/spmv/sdk/upmem-2024.2.0-Linux-x86_64/src/backends/build/CMakeFiles/CMakeTmp/src.c:7:9: note: called from here
    7 |     a = _mm_lddqu_si128( (const __m128i*)vals );
      |         ^~~~~~~~~~~~~~~~~~~~~~~~~~~~~~~~~~~~~~~
make[1]: *** [CMakeFiles/cmTC_2d7c6.dir/build.make:66: CMakeFiles/cmTC_2d7c6.dir/src.c.o] Error 1
make[1]: Leaving directory '/home/hj102548/test_code/spmv/sdk/upmem-2024.2.0-Linux-x86_64/src/backends/build/CMakeFiles/CMakeTmp'
make: *** [Makefile:121: cmTC_2d7c6/fast] Error 2


Source file was:

  #include <pmmintrin.h>
  int main( )
  {
    const int vals[4] = {0,0,0,0};
    __attribute__((unused)) __m128i a;
    a = _mm_lddqu_si128( (const __m128i*)vals );
    return 0;
  }
Performing C SOURCE FILE Test CXX_HAS_SSE4_1_1 failed with the following compile output:
Change Dir: /home/hj102548/test_code/spmv/sdk/upmem-2024.2.0-Linux-x86_64/src/backends/build/CMakeFiles/CMakeTmp

Run Build Command(s):/usr/bin/make cmTC_02141/fast && /usr/bin/make -f CMakeFiles/cmTC_02141.dir/build.make CMakeFiles/cmTC_02141.dir/build
make[1]: Entering directory '/home/hj102548/test_code/spmv/sdk/upmem-2024.2.0-Linux-x86_64/src/backends/build/CMakeFiles/CMakeTmp'
Building C object CMakeFiles/cmTC_02141.dir/src.c.o
/usr/bin/cc   -Wall -Werror -Wextra -std=gnu11  -ffile-prefix-map=/home/hj102548/test_code/spmv/sdk/upmem-2024.2.0-Linux-x86_64/src/backends/build=backends -DCXX_HAS_SSE4_1_1   -o CMakeFiles/cmTC_02141.dir/src.c.o   -c /home/hj102548/test_code/spmv/sdk/upmem-2024.2.0-Linux-x86_64/src/backends/build/CMakeFiles/CMakeTmp/src.c
In file included from /home/hj102548/test_code/spmv/sdk/upmem-2024.2.0-Linux-x86_64/src/backends/build/CMakeFiles/CMakeTmp/src.c:2:
/home/hj102548/test_code/spmv/sdk/upmem-2024.2.0-Linux-x86_64/src/backends/build/CMakeFiles/CMakeTmp/src.c: In function ‘main’:
/usr/lib/gcc/x86_64-linux-gnu/9/include/smmintrin.h:282:1: error: inlining failed in call to always_inline ‘_mm_max_epi8’: target specific option mismatch
  282 | _mm_max_epi8 (__m128i __X, __m128i __Y)
      | ^~~~~~~~~~~~
/home/hj102548/test_code/spmv/sdk/upmem-2024.2.0-Linux-x86_64/src/backends/build/CMakeFiles/CMakeTmp/src.c:7:43: note: called from here
    7 |     __attribute__((unused)) __m128i res = _mm_max_epi8(a, b);
      |                                           ^~~~~~~~~~~~~~~~~~
In file included from /home/hj102548/test_code/spmv/sdk/upmem-2024.2.0-Linux-x86_64/src/backends/build/CMakeFiles/CMakeTmp/src.c:2:
/usr/lib/gcc/x86_64-linux-gnu/9/include/smmintrin.h:282:1: error: inlining failed in call to always_inline ‘_mm_max_epi8’: target specific option mismatch
  282 | _mm_max_epi8 (__m128i __X, __m128i __Y)
      | ^~~~~~~~~~~~
/home/hj102548/test_code/spmv/sdk/upmem-2024.2.0-Linux-x86_64/src/backends/build/CMakeFiles/CMakeTmp/src.c:7:43: note: called from here
    7 |     __attribute__((unused)) __m128i res = _mm_max_epi8(a, b);
      |                                           ^~~~~~~~~~~~~~~~~~
make[1]: *** [CMakeFiles/cmTC_02141.dir/build.make:66: CMakeFiles/cmTC_02141.dir/src.c.o] Error 1
make[1]: Leaving directory '/home/hj102548/test_code/spmv/sdk/upmem-2024.2.0-Linux-x86_64/src/backends/build/CMakeFiles/CMakeTmp'
make: *** [Makefile:121: cmTC_02141/fast] Error 2


...and run output:

Return value: 1
Source file was:

  #include <smmintrin.h>
  int main ()
  {
    __m128i a = _mm_set_epi8(0,0,0,0,0,0,0,0,0,0,0,0,0,0,0,0);
    __m128i b = _mm_set_epi8(0,0,0,0,0,0,0,0,0,0,0,0,0,0,0,0);
    __attribute__((unused)) __m128i res = _mm_max_epi8(a, b);
    return 0;
  }

Performing C SOURCE FILE Test CXX_COMPILES_SSE4_1_1 failed with the following output:
Change Dir: /home/hj102548/test_code/spmv/sdk/upmem-2024.2.0-Linux-x86_64/src/backends/build/CMakeFiles/CMakeTmp

Run Build Command(s):/usr/bin/make cmTC_1d0c6/fast && /usr/bin/make -f CMakeFiles/cmTC_1d0c6.dir/build.make CMakeFiles/cmTC_1d0c6.dir/build
make[1]: Entering directory '/home/hj102548/test_code/spmv/sdk/upmem-2024.2.0-Linux-x86_64/src/backends/build/CMakeFiles/CMakeTmp'
Building C object CMakeFiles/cmTC_1d0c6.dir/src.c.o
/usr/bin/cc   -Wall -Werror -Wextra -std=gnu11  -ffile-prefix-map=/home/hj102548/test_code/spmv/sdk/upmem-2024.2.0-Linux-x86_64/src/backends/build=backends -DCXX_COMPILES_SSE4_1_1   -o CMakeFiles/cmTC_1d0c6.dir/src.c.o   -c /home/hj102548/test_code/spmv/sdk/upmem-2024.2.0-Linux-x86_64/src/backends/build/CMakeFiles/CMakeTmp/src.c
In file included from /home/hj102548/test_code/spmv/sdk/upmem-2024.2.0-Linux-x86_64/src/backends/build/CMakeFiles/CMakeTmp/src.c:2:
/home/hj102548/test_code/spmv/sdk/upmem-2024.2.0-Linux-x86_64/src/backends/build/CMakeFiles/CMakeTmp/src.c: In function ‘main’:
/usr/lib/gcc/x86_64-linux-gnu/9/include/smmintrin.h:282:1: error: inlining failed in call to always_inline ‘_mm_max_epi8’: target specific option mismatch
  282 | _mm_max_epi8 (__m128i __X, __m128i __Y)
      | ^~~~~~~~~~~~
/home/hj102548/test_code/spmv/sdk/upmem-2024.2.0-Linux-x86_64/src/backends/build/CMakeFiles/CMakeTmp/src.c:7:43: note: called from here
    7 |     __attribute__((unused)) __m128i res = _mm_max_epi8(a, b);
      |                                           ^~~~~~~~~~~~~~~~~~
In file included from /home/hj102548/test_code/spmv/sdk/upmem-2024.2.0-Linux-x86_64/src/backends/build/CMakeFiles/CMakeTmp/src.c:2:
/usr/lib/gcc/x86_64-linux-gnu/9/include/smmintrin.h:282:1: error: inlining failed in call to always_inline ‘_mm_max_epi8’: target specific option mismatch
  282 | _mm_max_epi8 (__m128i __X, __m128i __Y)
      | ^~~~~~~~~~~~
/home/hj102548/test_code/spmv/sdk/upmem-2024.2.0-Linux-x86_64/src/backends/build/CMakeFiles/CMakeTmp/src.c:7:43: note: called from here
    7 |     __attribute__((unused)) __m128i res = _mm_max_epi8(a, b);
      |                                           ^~~~~~~~~~~~~~~~~~
make[1]: *** [CMakeFiles/cmTC_1d0c6.dir/build.make:66: CMakeFiles/cmTC_1d0c6.dir/src.c.o] Error 1
make[1]: Leaving directory '/home/hj102548/test_code/spmv/sdk/upmem-2024.2.0-Linux-x86_64/src/backends/build/CMakeFiles/CMakeTmp'
make: *** [Makefile:121: cmTC_1d0c6/fast] Error 2


Source file was:

  #include <smmintrin.h>
  int main ()
  {
    __m128i a = _mm_set_epi8(0,0,0,0,0,0,0,0,0,0,0,0,0,0,0,0);
    __m128i b = _mm_set_epi8(0,0,0,0,0,0,0,0,0,0,0,0,0,0,0,0);
    __attribute__((unused)) __m128i res = _mm_max_epi8(a, b);
    return 0;
  }

Performing C SOURCE FILE Test CXX_HAS_SSE4_2_1 failed with the following compile output:
Change Dir: /home/hj102548/test_code/spmv/sdk/upmem-2024.2.0-Linux-x86_64/src/backends/build/CMakeFiles/CMakeTmp

Run Build Command(s):/usr/bin/make cmTC_c8d42/fast && /usr/bin/make -f CMakeFiles/cmTC_c8d42.dir/build.make CMakeFiles/cmTC_c8d42.dir/build
make[1]: Entering directory '/home/hj102548/test_code/spmv/sdk/upmem-2024.2.0-Linux-x86_64/src/backends/build/CMakeFiles/CMakeTmp'
Building C object CMakeFiles/cmTC_c8d42.dir/src.c.o
/usr/bin/cc   -Wall -Werror -Wextra -std=gnu11  -ffile-prefix-map=/home/hj102548/test_code/spmv/sdk/upmem-2024.2.0-Linux-x86_64/src/backends/build=backends -DCXX_HAS_SSE4_2_1   -o CMakeFiles/cmTC_c8d42.dir/src.c.o   -c /home/hj102548/test_code/spmv/sdk/upmem-2024.2.0-Linux-x86_64/src/backends/build/CMakeFiles/CMakeTmp/src.c
In file included from /usr/lib/gcc/x86_64-linux-gnu/9/include/nmmintrin.h:31,
                 from /home/hj102548/test_code/spmv/sdk/upmem-2024.2.0-Linux-x86_64/src/backends/build/CMakeFiles/CMakeTmp/src.c:2:
/home/hj102548/test_code/spmv/sdk/upmem-2024.2.0-Linux-x86_64/src/backends/build/CMakeFiles/CMakeTmp/src.c: In function ‘main’:
/usr/lib/gcc/x86_64-linux-gnu/9/include/smmintrin.h:796:1: error: inlining failed in call to always_inline ‘_mm_cmpgt_epi64’: target specific option mismatch
  796 | _mm_cmpgt_epi64 (__m128i __X, __m128i __Y)
      | ^~~~~~~~~~~~~~~
/home/hj102548/test_code/spmv/sdk/upmem-2024.2.0-Linux-x86_64/src/backends/build/CMakeFiles/CMakeTmp/src.c:8:9: note: called from here
    8 |     c = _mm_cmpgt_epi64(a, b);
      |         ^~~~~~~~~~~~~~~~~~~~~
In file included from /usr/lib/gcc/x86_64-linux-gnu/9/include/nmmintrin.h:31,
                 from /home/hj102548/test_code/spmv/sdk/upmem-2024.2.0-Linux-x86_64/src/backends/build/CMakeFiles/CMakeTmp/src.c:2:
/usr/lib/gcc/x86_64-linux-gnu/9/include/smmintrin.h:796:1: error: inlining failed in call to always_inline ‘_mm_cmpgt_epi64’: target specific option mismatch
  796 | _mm_cmpgt_epi64 (__m128i __X, __m128i __Y)
      | ^~~~~~~~~~~~~~~
/home/hj102548/test_code/spmv/sdk/upmem-2024.2.0-Linux-x86_64/src/backends/build/CMakeFiles/CMakeTmp/src.c:8:9: note: called from here
    8 |     c = _mm_cmpgt_epi64(a, b);
      |         ^~~~~~~~~~~~~~~~~~~~~
make[1]: *** [CMakeFiles/cmTC_c8d42.dir/build.make:66: CMakeFiles/cmTC_c8d42.dir/src.c.o] Error 1
make[1]: Leaving directory '/home/hj102548/test_code/spmv/sdk/upmem-2024.2.0-Linux-x86_64/src/backends/build/CMakeFiles/CMakeTmp'
make: *** [Makefile:121: cmTC_c8d42/fast] Error 2


...and run output:

Return value: 1
Source file was:

  #include <nmmintrin.h>
  int main()
  {
    __m128i a = _mm_set_epi8(0,0,0,0,0,0,0,0,0,0,0,0,0,0,0,0);
    __m128i b = _mm_set_epi8(0,0,0,0,0,0,0,0,0,0,0,0,0,0,0,0);
    __attribute__((unused)) __m128i c = _mm_set_epi8(0,0,0,0,0,0,0,0,0,0,0,0,0,0,0,0);
    c = _mm_cmpgt_epi64(a, b);
    return 0;
  }

Performing C SOURCE FILE Test CXX_COMPILES_SSE4_2_1 failed with the following output:
Change Dir: /home/hj102548/test_code/spmv/sdk/upmem-2024.2.0-Linux-x86_64/src/backends/build/CMakeFiles/CMakeTmp

Run Build Command(s):/usr/bin/make cmTC_12876/fast && /usr/bin/make -f CMakeFiles/cmTC_12876.dir/build.make CMakeFiles/cmTC_12876.dir/build
make[1]: Entering directory '/home/hj102548/test_code/spmv/sdk/upmem-2024.2.0-Linux-x86_64/src/backends/build/CMakeFiles/CMakeTmp'
Building C object CMakeFiles/cmTC_12876.dir/src.c.o
/usr/bin/cc   -Wall -Werror -Wextra -std=gnu11  -ffile-prefix-map=/home/hj102548/test_code/spmv/sdk/upmem-2024.2.0-Linux-x86_64/src/backends/build=backends -DCXX_COMPILES_SSE4_2_1   -o CMakeFiles/cmTC_12876.dir/src.c.o   -c /home/hj102548/test_code/spmv/sdk/upmem-2024.2.0-Linux-x86_64/src/backends/build/CMakeFiles/CMakeTmp/src.c
In file included from /usr/lib/gcc/x86_64-linux-gnu/9/include/nmmintrin.h:31,
                 from /home/hj102548/test_code/spmv/sdk/upmem-2024.2.0-Linux-x86_64/src/backends/build/CMakeFiles/CMakeTmp/src.c:2:
/home/hj102548/test_code/spmv/sdk/upmem-2024.2.0-Linux-x86_64/src/backends/build/CMakeFiles/CMakeTmp/src.c: In function ‘main’:
/usr/lib/gcc/x86_64-linux-gnu/9/include/smmintrin.h:796:1: error: inlining failed in call to always_inline ‘_mm_cmpgt_epi64’: target specific option mismatch
  796 | _mm_cmpgt_epi64 (__m128i __X, __m128i __Y)
      | ^~~~~~~~~~~~~~~
/home/hj102548/test_code/spmv/sdk/upmem-2024.2.0-Linux-x86_64/src/backends/build/CMakeFiles/CMakeTmp/src.c:8:9: note: called from here
    8 |     c = _mm_cmpgt_epi64(a, b);
      |         ^~~~~~~~~~~~~~~~~~~~~
In file included from /usr/lib/gcc/x86_64-linux-gnu/9/include/nmmintrin.h:31,
                 from /home/hj102548/test_code/spmv/sdk/upmem-2024.2.0-Linux-x86_64/src/backends/build/CMakeFiles/CMakeTmp/src.c:2:
/usr/lib/gcc/x86_64-linux-gnu/9/include/smmintrin.h:796:1: error: inlining failed in call to always_inline ‘_mm_cmpgt_epi64’: target specific option mismatch
  796 | _mm_cmpgt_epi64 (__m128i __X, __m128i __Y)
      | ^~~~~~~~~~~~~~~
/home/hj102548/test_code/spmv/sdk/upmem-2024.2.0-Linux-x86_64/src/backends/build/CMakeFiles/CMakeTmp/src.c:8:9: note: called from here
    8 |     c = _mm_cmpgt_epi64(a, b);
      |         ^~~~~~~~~~~~~~~~~~~~~
make[1]: *** [CMakeFiles/cmTC_12876.dir/build.make:66: CMakeFiles/cmTC_12876.dir/src.c.o] Error 1
make[1]: Leaving directory '/home/hj102548/test_code/spmv/sdk/upmem-2024.2.0-Linux-x86_64/src/backends/build/CMakeFiles/CMakeTmp'
make: *** [Makefile:121: cmTC_12876/fast] Error 2


Source file was:

  #include <nmmintrin.h>
  int main()
  {
    __m128i a = _mm_set_epi8(0,0,0,0,0,0,0,0,0,0,0,0,0,0,0,0);
    __m128i b = _mm_set_epi8(0,0,0,0,0,0,0,0,0,0,0,0,0,0,0,0);
    __attribute__((unused)) __m128i c = _mm_set_epi8(0,0,0,0,0,0,0,0,0,0,0,0,0,0,0,0);
    c = _mm_cmpgt_epi64(a, b);
    return 0;
  }

Performing C SOURCE FILE Test CXX_HAS_AVX_1 failed with the following compile output:
Change Dir: /home/hj102548/test_code/spmv/sdk/upmem-2024.2.0-Linux-x86_64/src/backends/build/CMakeFiles/CMakeTmp

Run Build Command(s):/usr/bin/make cmTC_600df/fast && /usr/bin/make -f CMakeFiles/cmTC_600df.dir/build.make CMakeFiles/cmTC_600df.dir/build
make[1]: Entering directory '/home/hj102548/test_code/spmv/sdk/upmem-2024.2.0-Linux-x86_64/src/backends/build/CMakeFiles/CMakeTmp'
Building C object CMakeFiles/cmTC_600df.dir/src.c.o
/usr/bin/cc   -Wall -Werror -Wextra -std=gnu11  -ffile-prefix-map=/home/hj102548/test_code/spmv/sdk/upmem-2024.2.0-Linux-x86_64/src/backends/build=backends -DCXX_HAS_AVX_1   -o CMakeFiles/cmTC_600df.dir/src.c.o   -c /home/hj102548/test_code/spmv/sdk/upmem-2024.2.0-Linux-x86_64/src/backends/build/CMakeFiles/CMakeTmp/src.c
/home/hj102548/test_code/spmv/sdk/upmem-2024.2.0-Linux-x86_64/src/backends/build/CMakeFiles/CMakeTmp/src.c: In function ‘main’:
/home/hj102548/test_code/spmv/sdk/upmem-2024.2.0-Linux-x86_64/src/backends/build/CMakeFiles/CMakeTmp/src.c:6:7: error: AVX vector return without AVX enabled changes the ABI [-Werror=psabi]
    6 |     a = _mm256_set1_ps(0);
      |     ~~^~~~~~~~~~~~~~~~~~~
In file included from /usr/lib/gcc/x86_64-linux-gnu/9/include/immintrin.h:51,
                 from /home/hj102548/test_code/spmv/sdk/upmem-2024.2.0-Linux-x86_64/src/backends/build/CMakeFiles/CMakeTmp/src.c:2:
/usr/lib/gcc/x86_64-linux-gnu/9/include/avxintrin.h:1311:1: error: inlining failed in call to always_inline ‘_mm256_set1_ps’: target specific option mismatch
 1311 | _mm256_set1_ps (float __A)
      | ^~~~~~~~~~~~~~
/home/hj102548/test_code/spmv/sdk/upmem-2024.2.0-Linux-x86_64/src/backends/build/CMakeFiles/CMakeTmp/src.c:6:9: note: called from here
    6 |     a = _mm256_set1_ps(0);
      |         ^~~~~~~~~~~~~~~~~
cc1: all warnings being treated as errors
make[1]: *** [CMakeFiles/cmTC_600df.dir/build.make:66: CMakeFiles/cmTC_600df.dir/src.c.o] Error 1
make[1]: Leaving directory '/home/hj102548/test_code/spmv/sdk/upmem-2024.2.0-Linux-x86_64/src/backends/build/CMakeFiles/CMakeTmp'
make: *** [Makefile:121: cmTC_600df/fast] Error 2


...and run output:

Return value: 1
Source file was:

  #include <immintrin.h>
  int main()
  {
    __attribute__((unused)) __m256 a;
    a = _mm256_set1_ps(0);
    return 0;
  }

Performing C SOURCE FILE Test CXX_COMPILES_AVX_1 failed with the following output:
Change Dir: /home/hj102548/test_code/spmv/sdk/upmem-2024.2.0-Linux-x86_64/src/backends/build/CMakeFiles/CMakeTmp

Run Build Command(s):/usr/bin/make cmTC_908e5/fast && /usr/bin/make -f CMakeFiles/cmTC_908e5.dir/build.make CMakeFiles/cmTC_908e5.dir/build
make[1]: Entering directory '/home/hj102548/test_code/spmv/sdk/upmem-2024.2.0-Linux-x86_64/src/backends/build/CMakeFiles/CMakeTmp'
Building C object CMakeFiles/cmTC_908e5.dir/src.c.o
/usr/bin/cc   -Wall -Werror -Wextra -std=gnu11  -ffile-prefix-map=/home/hj102548/test_code/spmv/sdk/upmem-2024.2.0-Linux-x86_64/src/backends/build=backends -DCXX_COMPILES_AVX_1   -o CMakeFiles/cmTC_908e5.dir/src.c.o   -c /home/hj102548/test_code/spmv/sdk/upmem-2024.2.0-Linux-x86_64/src/backends/build/CMakeFiles/CMakeTmp/src.c
/home/hj102548/test_code/spmv/sdk/upmem-2024.2.0-Linux-x86_64/src/backends/build/CMakeFiles/CMakeTmp/src.c: In function ‘main’:
/home/hj102548/test_code/spmv/sdk/upmem-2024.2.0-Linux-x86_64/src/backends/build/CMakeFiles/CMakeTmp/src.c:6:7: error: AVX vector return without AVX enabled changes the ABI [-Werror=psabi]
    6 |     a = _mm256_set1_ps(0);
      |     ~~^~~~~~~~~~~~~~~~~~~
In file included from /usr/lib/gcc/x86_64-linux-gnu/9/include/immintrin.h:51,
                 from /home/hj102548/test_code/spmv/sdk/upmem-2024.2.0-Linux-x86_64/src/backends/build/CMakeFiles/CMakeTmp/src.c:2:
/usr/lib/gcc/x86_64-linux-gnu/9/include/avxintrin.h:1311:1: error: inlining failed in call to always_inline ‘_mm256_set1_ps’: target specific option mismatch
 1311 | _mm256_set1_ps (float __A)
      | ^~~~~~~~~~~~~~
/home/hj102548/test_code/spmv/sdk/upmem-2024.2.0-Linux-x86_64/src/backends/build/CMakeFiles/CMakeTmp/src.c:6:9: note: called from here
    6 |     a = _mm256_set1_ps(0);
      |         ^~~~~~~~~~~~~~~~~
cc1: all warnings being treated as errors
make[1]: *** [CMakeFiles/cmTC_908e5.dir/build.make:66: CMakeFiles/cmTC_908e5.dir/src.c.o] Error 1
make[1]: Leaving directory '/home/hj102548/test_code/spmv/sdk/upmem-2024.2.0-Linux-x86_64/src/backends/build/CMakeFiles/CMakeTmp'
make: *** [Makefile:121: cmTC_908e5/fast] Error 2


Source file was:

  #include <immintrin.h>
  int main()
  {
    __attribute__((unused)) __m256 a;
    a = _mm256_set1_ps(0);
    return 0;
  }

Performing C SOURCE FILE Test CXX_HAS_AVX2_1 failed with the following compile output:
Change Dir: /home/hj102548/test_code/spmv/sdk/upmem-2024.2.0-Linux-x86_64/src/backends/build/CMakeFiles/CMakeTmp

Run Build Command(s):/usr/bin/make cmTC_75906/fast && /usr/bin/make -f CMakeFiles/cmTC_75906.dir/build.make CMakeFiles/cmTC_75906.dir/build
make[1]: Entering directory '/home/hj102548/test_code/spmv/sdk/upmem-2024.2.0-Linux-x86_64/src/backends/build/CMakeFiles/CMakeTmp'
Building C object CMakeFiles/cmTC_75906.dir/src.c.o
/usr/bin/cc   -Wall -Werror -Wextra -std=gnu11  -ffile-prefix-map=/home/hj102548/test_code/spmv/sdk/upmem-2024.2.0-Linux-x86_64/src/backends/build=backends -DCXX_HAS_AVX2_1   -o CMakeFiles/cmTC_75906.dir/src.c.o   -c /home/hj102548/test_code/spmv/sdk/upmem-2024.2.0-Linux-x86_64/src/backends/build/CMakeFiles/CMakeTmp/src.c
/home/hj102548/test_code/spmv/sdk/upmem-2024.2.0-Linux-x86_64/src/backends/build/CMakeFiles/CMakeTmp/src.c: In function ‘main’:
/home/hj102548/test_code/spmv/sdk/upmem-2024.2.0-Linux-x86_64/src/backends/build/CMakeFiles/CMakeTmp/src.c:6:7: error: AVX vector return without AVX enabled changes the ABI [-Werror=psabi]
    6 |     a = _mm256_abs_epi16(a);
      |     ~~^~~~~~~~~~~~~~~~~~~~~
In file included from /usr/lib/gcc/x86_64-linux-gnu/9/include/immintrin.h:53,
                 from /home/hj102548/test_code/spmv/sdk/upmem-2024.2.0-Linux-x86_64/src/backends/build/CMakeFiles/CMakeTmp/src.c:2:
/usr/lib/gcc/x86_64-linux-gnu/9/include/avx2intrin.h:63:1: error: inlining failed in call to always_inline ‘_mm256_abs_epi16’: target specific option mismatch
   63 | _mm256_abs_epi16 (__m256i __A)
      | ^~~~~~~~~~~~~~~~
/home/hj102548/test_code/spmv/sdk/upmem-2024.2.0-Linux-x86_64/src/backends/build/CMakeFiles/CMakeTmp/src.c:6:9: note: called from here
    6 |     a = _mm256_abs_epi16(a);
      |         ^~~~~~~~~~~~~~~~~~~
cc1: all warnings being treated as errors
make[1]: *** [CMakeFiles/cmTC_75906.dir/build.make:66: CMakeFiles/cmTC_75906.dir/src.c.o] Error 1
make[1]: Leaving directory '/home/hj102548/test_code/spmv/sdk/upmem-2024.2.0-Linux-x86_64/src/backends/build/CMakeFiles/CMakeTmp'
make: *** [Makefile:121: cmTC_75906/fast] Error 2


...and run output:

Return value: 1
Source file was:

  #include <immintrin.h>
  int main()
  {
    __m256i a = {0};
    a = _mm256_abs_epi16(a);
    return 0;
  }

Performing C SOURCE FILE Test CXX_COMPILES_AVX2_1 failed with the following output:
Change Dir: /home/hj102548/test_code/spmv/sdk/upmem-2024.2.0-Linux-x86_64/src/backends/build/CMakeFiles/CMakeTmp

Run Build Command(s):/usr/bin/make cmTC_8a9dc/fast && /usr/bin/make -f CMakeFiles/cmTC_8a9dc.dir/build.make CMakeFiles/cmTC_8a9dc.dir/build
make[1]: Entering directory '/home/hj102548/test_code/spmv/sdk/upmem-2024.2.0-Linux-x86_64/src/backends/build/CMakeFiles/CMakeTmp'
Building C object CMakeFiles/cmTC_8a9dc.dir/src.c.o
/usr/bin/cc   -Wall -Werror -Wextra -std=gnu11  -ffile-prefix-map=/home/hj102548/test_code/spmv/sdk/upmem-2024.2.0-Linux-x86_64/src/backends/build=backends -DCXX_COMPILES_AVX2_1   -o CMakeFiles/cmTC_8a9dc.dir/src.c.o   -c /home/hj102548/test_code/spmv/sdk/upmem-2024.2.0-Linux-x86_64/src/backends/build/CMakeFiles/CMakeTmp/src.c
/home/hj102548/test_code/spmv/sdk/upmem-2024.2.0-Linux-x86_64/src/backends/build/CMakeFiles/CMakeTmp/src.c: In function ‘main’:
/home/hj102548/test_code/spmv/sdk/upmem-2024.2.0-Linux-x86_64/src/backends/build/CMakeFiles/CMakeTmp/src.c:6:7: error: AVX vector return without AVX enabled changes the ABI [-Werror=psabi]
    6 |     a = _mm256_abs_epi16(a);
      |     ~~^~~~~~~~~~~~~~~~~~~~~
In file included from /usr/lib/gcc/x86_64-linux-gnu/9/include/immintrin.h:53,
                 from /home/hj102548/test_code/spmv/sdk/upmem-2024.2.0-Linux-x86_64/src/backends/build/CMakeFiles/CMakeTmp/src.c:2:
/usr/lib/gcc/x86_64-linux-gnu/9/include/avx2intrin.h:63:1: error: inlining failed in call to always_inline ‘_mm256_abs_epi16’: target specific option mismatch
   63 | _mm256_abs_epi16 (__m256i __A)
      | ^~~~~~~~~~~~~~~~
/home/hj102548/test_code/spmv/sdk/upmem-2024.2.0-Linux-x86_64/src/backends/build/CMakeFiles/CMakeTmp/src.c:6:9: note: called from here
    6 |     a = _mm256_abs_epi16(a);
      |         ^~~~~~~~~~~~~~~~~~~
cc1: all warnings being treated as errors
make[1]: *** [CMakeFiles/cmTC_8a9dc.dir/build.make:66: CMakeFiles/cmTC_8a9dc.dir/src.c.o] Error 1
make[1]: Leaving directory '/home/hj102548/test_code/spmv/sdk/upmem-2024.2.0-Linux-x86_64/src/backends/build/CMakeFiles/CMakeTmp'
make: *** [Makefile:121: cmTC_8a9dc/fast] Error 2


Source file was:

  #include <immintrin.h>
  int main()
  {
    __m256i a = {0};
    a = _mm256_abs_epi16(a);
    return 0;
  }

Performing C SOURCE FILE Test CXX_HAS_AVX512F_1 failed with the following compile output:
Change Dir: /home/hj102548/test_code/spmv/sdk/upmem-2024.2.0-Linux-x86_64/src/backends/build/CMakeFiles/CMakeTmp

Run Build Command(s):/usr/bin/make cmTC_a0c6b/fast && /usr/bin/make -f CMakeFiles/cmTC_a0c6b.dir/build.make CMakeFiles/cmTC_a0c6b.dir/build
make[1]: Entering directory '/home/hj102548/test_code/spmv/sdk/upmem-2024.2.0-Linux-x86_64/src/backends/build/CMakeFiles/CMakeTmp'
Building C object CMakeFiles/cmTC_a0c6b.dir/src.c.o
/usr/bin/cc   -Wall -Werror -Wextra -std=gnu11  -ffile-prefix-map=/home/hj102548/test_code/spmv/sdk/upmem-2024.2.0-Linux-x86_64/src/backends/build=backends -DCXX_HAS_AVX512F_1   -o CMakeFiles/cmTC_a0c6b.dir/src.c.o   -c /home/hj102548/test_code/spmv/sdk/upmem-2024.2.0-Linux-x86_64/src/backends/build/CMakeFiles/CMakeTmp/src.c
/home/hj102548/test_code/spmv/sdk/upmem-2024.2.0-Linux-x86_64/src/backends/build/CMakeFiles/CMakeTmp/src.c: In function ‘main’:
/home/hj102548/test_code/spmv/sdk/upmem-2024.2.0-Linux-x86_64/src/backends/build/CMakeFiles/CMakeTmp/src.c:5:12: error: AVX512F vector return without AVX512F enabled changes the ABI [-Werror=psabi]
    5 |     __m512 a = _mm512_set1_ps(1.f);
      |            ^
In file included from /usr/lib/gcc/x86_64-linux-gnu/9/include/immintrin.h:55,
                 from /home/hj102548/test_code/spmv/sdk/upmem-2024.2.0-Linux-x86_64/src/backends/build/CMakeFiles/CMakeTmp/src.c:2:
/usr/lib/gcc/x86_64-linux-gnu/9/include/avx512fintrin.h:12294:1: error: inlining failed in call to always_inline ‘_mm512_add_ps’: target specific option mismatch
12294 | _mm512_add_ps (__m512 __A, __m512 __B)
      | ^~~~~~~~~~~~~
/home/hj102548/test_code/spmv/sdk/upmem-2024.2.0-Linux-x86_64/src/backends/build/CMakeFiles/CMakeTmp/src.c:6:9: note: called from here
    6 |     a = _mm512_add_ps(a, _mm512_set1_ps(1.f));;
      |         ^~~~~~~~~~~~~~~~~~~~~~~~~~~~~~~~~~~~~
In file included from /usr/lib/gcc/x86_64-linux-gnu/9/include/immintrin.h:55,
                 from /home/hj102548/test_code/spmv/sdk/upmem-2024.2.0-Linux-x86_64/src/backends/build/CMakeFiles/CMakeTmp/src.c:2:
/usr/lib/gcc/x86_64-linux-gnu/9/include/avx512fintrin.h:251:1: error: inlining failed in call to always_inline ‘_mm512_set1_ps’: target specific option mismatch
  251 | _mm512_set1_ps (float __A)
      | ^~~~~~~~~~~~~~
/home/hj102548/test_code/spmv/sdk/upmem-2024.2.0-Linux-x86_64/src/backends/build/CMakeFiles/CMakeTmp/src.c:6:9: note: called from here
    6 |     a = _mm512_add_ps(a, _mm512_set1_ps(1.f));;
      |         ^~~~~~~~~~~~~~~~~~~~~~~~~~~~~~~~~~~~~
In file included from /usr/lib/gcc/x86_64-linux-gnu/9/include/immintrin.h:55,
                 from /home/hj102548/test_code/spmv/sdk/upmem-2024.2.0-Linux-x86_64/src/backends/build/CMakeFiles/CMakeTmp/src.c:2:
/usr/lib/gcc/x86_64-linux-gnu/9/include/avx512fintrin.h:251:1: error: inlining failed in call to always_inline ‘_mm512_set1_ps’: target specific option mismatch
  251 | _mm512_set1_ps (float __A)
      | ^~~~~~~~~~~~~~
/home/hj102548/test_code/spmv/sdk/upmem-2024.2.0-Linux-x86_64/src/backends/build/CMakeFiles/CMakeTmp/src.c:5:16: note: called from here
    5 |     __m512 a = _mm512_set1_ps(1.f);
      |                ^~~~~~~~~~~~~~~~~~~
cc1: all warnings being treated as errors
make[1]: *** [CMakeFiles/cmTC_a0c6b.dir/build.make:66: CMakeFiles/cmTC_a0c6b.dir/src.c.o] Error 1
make[1]: Leaving directory '/home/hj102548/test_code/spmv/sdk/upmem-2024.2.0-Linux-x86_64/src/backends/build/CMakeFiles/CMakeTmp'
make: *** [Makefile:121: cmTC_a0c6b/fast] Error 2


...and run output:

Return value: 1
Source file was:

  #include <immintrin.h>
  int main()
  {
    __m512 a = _mm512_set1_ps(1.f);
    a = _mm512_add_ps(a, _mm512_set1_ps(1.f));;
    return 0;
  }

Performing C SOURCE FILE Test CXX_COMPILES_AVX512F_1 failed with the following output:
Change Dir: /home/hj102548/test_code/spmv/sdk/upmem-2024.2.0-Linux-x86_64/src/backends/build/CMakeFiles/CMakeTmp

Run Build Command(s):/usr/bin/make cmTC_ce1f9/fast && /usr/bin/make -f CMakeFiles/cmTC_ce1f9.dir/build.make CMakeFiles/cmTC_ce1f9.dir/build
make[1]: Entering directory '/home/hj102548/test_code/spmv/sdk/upmem-2024.2.0-Linux-x86_64/src/backends/build/CMakeFiles/CMakeTmp'
Building C object CMakeFiles/cmTC_ce1f9.dir/src.c.o
/usr/bin/cc   -Wall -Werror -Wextra -std=gnu11  -ffile-prefix-map=/home/hj102548/test_code/spmv/sdk/upmem-2024.2.0-Linux-x86_64/src/backends/build=backends -DCXX_COMPILES_AVX512F_1   -o CMakeFiles/cmTC_ce1f9.dir/src.c.o   -c /home/hj102548/test_code/spmv/sdk/upmem-2024.2.0-Linux-x86_64/src/backends/build/CMakeFiles/CMakeTmp/src.c
/home/hj102548/test_code/spmv/sdk/upmem-2024.2.0-Linux-x86_64/src/backends/build/CMakeFiles/CMakeTmp/src.c: In function ‘main’:
/home/hj102548/test_code/spmv/sdk/upmem-2024.2.0-Linux-x86_64/src/backends/build/CMakeFiles/CMakeTmp/src.c:5:12: error: AVX512F vector return without AVX512F enabled changes the ABI [-Werror=psabi]
    5 |     __m512 a = _mm512_set1_ps(1.f);
      |            ^
In file included from /usr/lib/gcc/x86_64-linux-gnu/9/include/immintrin.h:55,
                 from /home/hj102548/test_code/spmv/sdk/upmem-2024.2.0-Linux-x86_64/src/backends/build/CMakeFiles/CMakeTmp/src.c:2:
/usr/lib/gcc/x86_64-linux-gnu/9/include/avx512fintrin.h:12294:1: error: inlining failed in call to always_inline ‘_mm512_add_ps’: target specific option mismatch
12294 | _mm512_add_ps (__m512 __A, __m512 __B)
      | ^~~~~~~~~~~~~
/home/hj102548/test_code/spmv/sdk/upmem-2024.2.0-Linux-x86_64/src/backends/build/CMakeFiles/CMakeTmp/src.c:6:9: note: called from here
    6 |     a = _mm512_add_ps(a, _mm512_set1_ps(1.f));;
      |         ^~~~~~~~~~~~~~~~~~~~~~~~~~~~~~~~~~~~~
In file included from /usr/lib/gcc/x86_64-linux-gnu/9/include/immintrin.h:55,
                 from /home/hj102548/test_code/spmv/sdk/upmem-2024.2.0-Linux-x86_64/src/backends/build/CMakeFiles/CMakeTmp/src.c:2:
/usr/lib/gcc/x86_64-linux-gnu/9/include/avx512fintrin.h:251:1: error: inlining failed in call to always_inline ‘_mm512_set1_ps’: target specific option mismatch
  251 | _mm512_set1_ps (float __A)
      | ^~~~~~~~~~~~~~
/home/hj102548/test_code/spmv/sdk/upmem-2024.2.0-Linux-x86_64/src/backends/build/CMakeFiles/CMakeTmp/src.c:6:9: note: called from here
    6 |     a = _mm512_add_ps(a, _mm512_set1_ps(1.f));;
      |         ^~~~~~~~~~~~~~~~~~~~~~~~~~~~~~~~~~~~~
In file included from /usr/lib/gcc/x86_64-linux-gnu/9/include/immintrin.h:55,
                 from /home/hj102548/test_code/spmv/sdk/upmem-2024.2.0-Linux-x86_64/src/backends/build/CMakeFiles/CMakeTmp/src.c:2:
/usr/lib/gcc/x86_64-linux-gnu/9/include/avx512fintrin.h:251:1: error: inlining failed in call to always_inline ‘_mm512_set1_ps’: target specific option mismatch
  251 | _mm512_set1_ps (float __A)
      | ^~~~~~~~~~~~~~
/home/hj102548/test_code/spmv/sdk/upmem-2024.2.0-Linux-x86_64/src/backends/build/CMakeFiles/CMakeTmp/src.c:5:16: note: called from here
    5 |     __m512 a = _mm512_set1_ps(1.f);
      |                ^~~~~~~~~~~~~~~~~~~
cc1: all warnings being treated as errors
make[1]: *** [CMakeFiles/cmTC_ce1f9.dir/build.make:66: CMakeFiles/cmTC_ce1f9.dir/src.c.o] Error 1
make[1]: Leaving directory '/home/hj102548/test_code/spmv/sdk/upmem-2024.2.0-Linux-x86_64/src/backends/build/CMakeFiles/CMakeTmp'
make: *** [Makefile:121: cmTC_ce1f9/fast] Error 2


Source file was:

  #include <immintrin.h>
  int main()
  {
    __m512 a = _mm512_set1_ps(1.f);
    a = _mm512_add_ps(a, _mm512_set1_ps(1.f));;
    return 0;
  }

Performing C SOURCE FILE Test CXX_HAS_AVX512BW_1 failed with the following compile output:
Change Dir: /home/hj102548/test_code/spmv/sdk/upmem-2024.2.0-Linux-x86_64/src/backends/build/CMakeFiles/CMakeTmp

Run Build Command(s):/usr/bin/make cmTC_97320/fast && /usr/bin/make -f CMakeFiles/cmTC_97320.dir/build.make CMakeFiles/cmTC_97320.dir/build
make[1]: Entering directory '/home/hj102548/test_code/spmv/sdk/upmem-2024.2.0-Linux-x86_64/src/backends/build/CMakeFiles/CMakeTmp'
Building C object CMakeFiles/cmTC_97320.dir/src.c.o
/usr/bin/cc   -Wall -Werror -Wextra -std=gnu11  -ffile-prefix-map=/home/hj102548/test_code/spmv/sdk/upmem-2024.2.0-Linux-x86_64/src/backends/build=backends -DCXX_HAS_AVX512BW_1   -o CMakeFiles/cmTC_97320.dir/src.c.o   -c /home/hj102548/test_code/spmv/sdk/upmem-2024.2.0-Linux-x86_64/src/backends/build/CMakeFiles/CMakeTmp/src.c
/home/hj102548/test_code/spmv/sdk/upmem-2024.2.0-Linux-x86_64/src/backends/build/CMakeFiles/CMakeTmp/src.c: In function ‘main’:
/home/hj102548/test_code/spmv/sdk/upmem-2024.2.0-Linux-x86_64/src/backends/build/CMakeFiles/CMakeTmp/src.c:5:13: error: AVX512F vector return without AVX512F enabled changes the ABI [-Werror=psabi]
    5 |     __m512i mask = _mm512_set_epi64(0, 0, 0, 0, 0, 0, 0, 0);
      |             ^~~~
In file included from /usr/lib/gcc/x86_64-linux-gnu/9/include/immintrin.h:65,
                 from /home/hj102548/test_code/spmv/sdk/upmem-2024.2.0-Linux-x86_64/src/backends/build/CMakeFiles/CMakeTmp/src.c:2:
/usr/lib/gcc/x86_64-linux-gnu/9/include/avx512bwintrin.h:1852:1: error: inlining failed in call to always_inline ‘_mm512_shuffle_epi8’: target specific option mismatch
 1852 | _mm512_shuffle_epi8 (__m512i __A, __m512i __B)
      | ^~~~~~~~~~~~~~~~~~~
/home/hj102548/test_code/spmv/sdk/upmem-2024.2.0-Linux-x86_64/src/backends/build/CMakeFiles/CMakeTmp/src.c:7:12: note: called from here
    7 |     load = _mm512_shuffle_epi8(load, mask);
      |            ^~~~~~~~~~~~~~~~~~~~~~~~~~~~~~~
In file included from /usr/lib/gcc/x86_64-linux-gnu/9/include/immintrin.h:55,
                 from /home/hj102548/test_code/spmv/sdk/upmem-2024.2.0-Linux-x86_64/src/backends/build/CMakeFiles/CMakeTmp/src.c:2:
/usr/lib/gcc/x86_64-linux-gnu/9/include/avx512fintrin.h:79:1: error: inlining failed in call to always_inline ‘_mm512_set_epi64’: target specific option mismatch
   79 | _mm512_set_epi64 (long long __A, long long __B, long long __C,
      | ^~~~~~~~~~~~~~~~
/home/hj102548/test_code/spmv/sdk/upmem-2024.2.0-Linux-x86_64/src/backends/build/CMakeFiles/CMakeTmp/src.c:5:20: note: called from here
    5 |     __m512i mask = _mm512_set_epi64(0, 0, 0, 0, 0, 0, 0, 0);
      |                    ^~~~~~~~~~~~~~~~~~~~~~~~~~~~~~~~~~~~~~~~
cc1: all warnings being treated as errors
make[1]: *** [CMakeFiles/cmTC_97320.dir/build.make:66: CMakeFiles/cmTC_97320.dir/src.c.o] Error 1
make[1]: Leaving directory '/home/hj102548/test_code/spmv/sdk/upmem-2024.2.0-Linux-x86_64/src/backends/build/CMakeFiles/CMakeTmp'
make: *** [Makefile:121: cmTC_97320/fast] Error 2


...and run output:

Return value: 1
Source file was:

  #include <immintrin.h>
  int main()
  {
    __m512i mask = _mm512_set_epi64(0, 0, 0, 0, 0, 0, 0, 0);
    __attribute__((unused)) __m512i load = {0};
    load = _mm512_shuffle_epi8(load, mask);
    return 0;
  }

Performing C SOURCE FILE Test CXX_COMPILES_AVX512BW_1 failed with the following output:
Change Dir: /home/hj102548/test_code/spmv/sdk/upmem-2024.2.0-Linux-x86_64/src/backends/build/CMakeFiles/CMakeTmp

Run Build Command(s):/usr/bin/make cmTC_1784d/fast && /usr/bin/make -f CMakeFiles/cmTC_1784d.dir/build.make CMakeFiles/cmTC_1784d.dir/build
make[1]: Entering directory '/home/hj102548/test_code/spmv/sdk/upmem-2024.2.0-Linux-x86_64/src/backends/build/CMakeFiles/CMakeTmp'
Building C object CMakeFiles/cmTC_1784d.dir/src.c.o
/usr/bin/cc   -Wall -Werror -Wextra -std=gnu11  -ffile-prefix-map=/home/hj102548/test_code/spmv/sdk/upmem-2024.2.0-Linux-x86_64/src/backends/build=backends -DCXX_COMPILES_AVX512BW_1   -o CMakeFiles/cmTC_1784d.dir/src.c.o   -c /home/hj102548/test_code/spmv/sdk/upmem-2024.2.0-Linux-x86_64/src/backends/build/CMakeFiles/CMakeTmp/src.c
/home/hj102548/test_code/spmv/sdk/upmem-2024.2.0-Linux-x86_64/src/backends/build/CMakeFiles/CMakeTmp/src.c: In function ‘main’:
/home/hj102548/test_code/spmv/sdk/upmem-2024.2.0-Linux-x86_64/src/backends/build/CMakeFiles/CMakeTmp/src.c:5:13: error: AVX512F vector return without AVX512F enabled changes the ABI [-Werror=psabi]
    5 |     __m512i mask = _mm512_set_epi64(0, 0, 0, 0, 0, 0, 0, 0);
      |             ^~~~
In file included from /usr/lib/gcc/x86_64-linux-gnu/9/include/immintrin.h:65,
                 from /home/hj102548/test_code/spmv/sdk/upmem-2024.2.0-Linux-x86_64/src/backends/build/CMakeFiles/CMakeTmp/src.c:2:
/usr/lib/gcc/x86_64-linux-gnu/9/include/avx512bwintrin.h:1852:1: error: inlining failed in call to always_inline ‘_mm512_shuffle_epi8’: target specific option mismatch
 1852 | _mm512_shuffle_epi8 (__m512i __A, __m512i __B)
      | ^~~~~~~~~~~~~~~~~~~
/home/hj102548/test_code/spmv/sdk/upmem-2024.2.0-Linux-x86_64/src/backends/build/CMakeFiles/CMakeTmp/src.c:7:12: note: called from here
    7 |     load = _mm512_shuffle_epi8(load, mask);
      |            ^~~~~~~~~~~~~~~~~~~~~~~~~~~~~~~
In file included from /usr/lib/gcc/x86_64-linux-gnu/9/include/immintrin.h:55,
                 from /home/hj102548/test_code/spmv/sdk/upmem-2024.2.0-Linux-x86_64/src/backends/build/CMakeFiles/CMakeTmp/src.c:2:
/usr/lib/gcc/x86_64-linux-gnu/9/include/avx512fintrin.h:79:1: error: inlining failed in call to always_inline ‘_mm512_set_epi64’: target specific option mismatch
   79 | _mm512_set_epi64 (long long __A, long long __B, long long __C,
      | ^~~~~~~~~~~~~~~~
/home/hj102548/test_code/spmv/sdk/upmem-2024.2.0-Linux-x86_64/src/backends/build/CMakeFiles/CMakeTmp/src.c:5:20: note: called from here
    5 |     __m512i mask = _mm512_set_epi64(0, 0, 0, 0, 0, 0, 0, 0);
      |                    ^~~~~~~~~~~~~~~~~~~~~~~~~~~~~~~~~~~~~~~~
cc1: all warnings being treated as errors
make[1]: *** [CMakeFiles/cmTC_1784d.dir/build.make:66: CMakeFiles/cmTC_1784d.dir/src.c.o] Error 1
make[1]: Leaving directory '/home/hj102548/test_code/spmv/sdk/upmem-2024.2.0-Linux-x86_64/src/backends/build/CMakeFiles/CMakeTmp'
make: *** [Makefile:121: cmTC_1784d/fast] Error 2


Source file was:

  #include <immintrin.h>
  int main()
  {
    __m512i mask = _mm512_set_epi64(0, 0, 0, 0, 0, 0, 0, 0);
    __attribute__((unused)) __m512i load = {0};
    load = _mm512_shuffle_epi8(load, mask);
    return 0;
  }

Performing C SOURCE FILE Test CXX_HAS_CLFLUSHOPT_1 failed with the following compile output:
Change Dir: /home/hj102548/test_code/spmv/sdk/upmem-2024.2.0-Linux-x86_64/src/backends/build/CMakeFiles/CMakeTmp

Run Build Command(s):/usr/bin/make cmTC_f7837/fast && /usr/bin/make -f CMakeFiles/cmTC_f7837.dir/build.make CMakeFiles/cmTC_f7837.dir/build
make[1]: Entering directory '/home/hj102548/test_code/spmv/sdk/upmem-2024.2.0-Linux-x86_64/src/backends/build/CMakeFiles/CMakeTmp'
Building C object CMakeFiles/cmTC_f7837.dir/src.c.o
/usr/bin/cc   -Wall -Werror -Wextra -std=gnu11  -ffile-prefix-map=/home/hj102548/test_code/spmv/sdk/upmem-2024.2.0-Linux-x86_64/src/backends/build=backends -DCXX_HAS_CLFLUSHOPT_1   -o CMakeFiles/cmTC_f7837.dir/src.c.o   -c /home/hj102548/test_code/spmv/sdk/upmem-2024.2.0-Linux-x86_64/src/backends/build/CMakeFiles/CMakeTmp/src.c
/home/hj102548/test_code/spmv/sdk/upmem-2024.2.0-Linux-x86_64/src/backends/build/CMakeFiles/CMakeTmp/src.c: In function ‘main’:
/home/hj102548/test_code/spmv/sdk/upmem-2024.2.0-Linux-x86_64/src/backends/build/CMakeFiles/CMakeTmp/src.c:6:5: error: ‘__builtin_ia32_clflushopt’ needs isa option -mclflushopt
    6 |     __builtin_ia32_clflushopt(&flush);
      |     ^~~~~~~~~~~~~~~~~~~~~~~~~~~~~~~~~
make[1]: *** [CMakeFiles/cmTC_f7837.dir/build.make:66: CMakeFiles/cmTC_f7837.dir/src.c.o] Error 1
make[1]: Leaving directory '/home/hj102548/test_code/spmv/sdk/upmem-2024.2.0-Linux-x86_64/src/backends/build/CMakeFiles/CMakeTmp'
make: *** [Makefile:121: cmTC_f7837/fast] Error 2


...and run output:

Return value: 1
Source file was:

  #include <immintrin.h>
  int main()
  {
    int flush = 1;
    __builtin_ia32_clflushopt(&flush);
    return 0;
  }

Performing C SOURCE FILE Test CXX_COMPILES_CLFLUSHOPT_1 failed with the following output:
Change Dir: /home/hj102548/test_code/spmv/sdk/upmem-2024.2.0-Linux-x86_64/src/backends/build/CMakeFiles/CMakeTmp

Run Build Command(s):/usr/bin/make cmTC_1f337/fast && /usr/bin/make -f CMakeFiles/cmTC_1f337.dir/build.make CMakeFiles/cmTC_1f337.dir/build
make[1]: Entering directory '/home/hj102548/test_code/spmv/sdk/upmem-2024.2.0-Linux-x86_64/src/backends/build/CMakeFiles/CMakeTmp'
Building C object CMakeFiles/cmTC_1f337.dir/src.c.o
/usr/bin/cc   -Wall -Werror -Wextra -std=gnu11  -ffile-prefix-map=/home/hj102548/test_code/spmv/sdk/upmem-2024.2.0-Linux-x86_64/src/backends/build=backends -DCXX_COMPILES_CLFLUSHOPT_1   -o CMakeFiles/cmTC_1f337.dir/src.c.o   -c /home/hj102548/test_code/spmv/sdk/upmem-2024.2.0-Linux-x86_64/src/backends/build/CMakeFiles/CMakeTmp/src.c
/home/hj102548/test_code/spmv/sdk/upmem-2024.2.0-Linux-x86_64/src/backends/build/CMakeFiles/CMakeTmp/src.c: In function ‘main’:
/home/hj102548/test_code/spmv/sdk/upmem-2024.2.0-Linux-x86_64/src/backends/build/CMakeFiles/CMakeTmp/src.c:6:5: error: ‘__builtin_ia32_clflushopt’ needs isa option -mclflushopt
    6 |     __builtin_ia32_clflushopt(&flush);
      |     ^~~~~~~~~~~~~~~~~~~~~~~~~~~~~~~~~
make[1]: *** [CMakeFiles/cmTC_1f337.dir/build.make:66: CMakeFiles/cmTC_1f337.dir/src.c.o] Error 1
make[1]: Leaving directory '/home/hj102548/test_code/spmv/sdk/upmem-2024.2.0-Linux-x86_64/src/backends/build/CMakeFiles/CMakeTmp'
make: *** [Makefile:121: cmTC_1f337/fast] Error 2


Source file was:

  #include <immintrin.h>
  int main()
  {
    int flush = 1;
    __builtin_ia32_clflushopt(&flush);
    return 0;
  }

